[2023-07-17 07:51:29.89 -05:00 INF]Executed DbCommand (61ms) [Parameters=[], CommandType='"Text"', CommandTimeout='30']
SELECT 1 FROM INFORMATION_SCHEMA.TABLES WHERE TABLE_SCHEMA='tiendaBd' AND TABLE_NAME='__EFMigrationsHistory';
][2023-07-17 07:51:29.99 -05:00 INF]Executed DbCommand (2ms) [Parameters=[], CommandType='"Text"', CommandTimeout='30']
SELECT 1 FROM INFORMATION_SCHEMA.TABLES WHERE TABLE_SCHEMA='tiendaBd' AND TABLE_NAME='__EFMigrationsHistory';
][2023-07-17 07:51:30.07 -05:00 INF]Executed DbCommand (26ms) [Parameters=[], CommandType='"Text"', CommandTimeout='30']
SELECT `MigrationId`, `ProductVersion`
FROM `__EFMigrationsHistory`
ORDER BY `MigrationId`;
][2023-07-17 07:51:30.09 -05:00 INF]No migrations were applied. The database is already up to date.
][2023-07-17 07:51:30.66 -05:00 INF]Executed DbCommand (10ms) [Parameters=[], CommandType='"Text"', CommandTimeout='30']
SELECT EXISTS (
    SELECT 1
    FROM `Marca` AS `m`)
][2023-07-17 07:51:30.68 -05:00 INF]Executed DbCommand (6ms) [Parameters=[], CommandType='"Text"', CommandTimeout='30']
SELECT EXISTS (
    SELECT 1
    FROM `Categoria` AS `c`)
][2023-07-17 07:51:30.69 -05:00 INF]Executed DbCommand (4ms) [Parameters=[], CommandType='"Text"', CommandTimeout='30']
SELECT EXISTS (
    SELECT 1
    FROM `Producto` AS `p`)
][2023-07-17 07:51:30.71 -05:00 INF]Executed DbCommand (7ms) [Parameters=[], CommandType='"Text"', CommandTimeout='30']
SELECT EXISTS (
    SELECT 1
    FROM `Rol` AS `r`)
][2023-07-17 07:51:31.13 -05:00 INF]User profile is available. Using 'C:\Users\Wilson\AppData\Local\ASP.NET\DataProtection-Keys' as key repository and Windows DPAPI to encrypt keys at rest.
][2023-07-17 07:51:31.29 -05:00 INF]Creating key {3df72348-127c-43a5-bd68-f1d08a144fc3} with creation date 2023-07-17 12:51:31Z, activation date 2023-07-18 01:08:05Z, and expiration date 2023-10-15 12:51:31Z.
][2023-07-17 07:51:31.31 -05:00 INF]Writing data to file 'C:\Users\Wilson\AppData\Local\ASP.NET\DataProtection-Keys\key-3df72348-127c-43a5-bd68-f1d08a144fc3.xml'.
][2023-07-17 07:51:31.64 -05:00 INF]Now listening on: https://localhost:5001
][2023-07-17 07:51:31.64 -05:00 INF]Now listening on: http://localhost:5000
][2023-07-17 07:51:31.64 -05:00 INF]Application started. Press Ctrl+C to shut down.
][2023-07-17 07:51:31.65 -05:00 INF]Hosting environment: Development
][2023-07-17 07:51:31.65 -05:00 INF]Content root path: F:\Proyectos .NET\Proyectos\APIs\Tienda\API
][2023-07-17 07:52:45.73 -05:00 INF]Request starting HTTP/1.1 POST https://localhost:5001/API/Usuarios/token application/json 76
][2023-07-17 07:52:47.25 -05:00 INF]Bearer was not authenticated. Failure message: No SecurityTokenValidator available for token.
][2023-07-17 07:52:47.26 -05:00 INF]Executing endpoint 'API.Controllers.UsuariosController.GetTokenAsync (API)'
][2023-07-17 07:52:47.29 -05:00 INF]Route matched with {action = "GetToken", controller = "Usuarios"}. Executing controller action with signature System.Threading.Tasks.Task`1[Microsoft.AspNetCore.Mvc.IActionResult] GetTokenAsync(API.Dtos.LoginDTO) on controller API.Controllers.UsuariosController (API).
][2023-07-17 07:54:20.40 -05:00 INF]Request starting HTTP/1.1 POST https://localhost:5001/API/Usuarios/Register application/json 227
][2023-07-17 07:54:20.41 -05:00 INF]Bearer was not authenticated. Failure message: No SecurityTokenValidator available for token.
][2023-07-17 07:54:20.41 -05:00 INF]Executing endpoint 'API.Controllers.UsuariosController.RegisterAsync (API)'
][2023-07-17 07:54:20.42 -05:00 INF]Route matched with {action = "Register", controller = "Usuarios"}. Executing controller action with signature System.Threading.Tasks.Task`1[Microsoft.AspNetCore.Mvc.ActionResult] RegisterAsync(API.Dtos.RegisterDTO) on controller API.Controllers.UsuariosController (API).
][2023-07-17 07:54:20.73 -05:00 WRN]Compiling a query which loads related collections for more than one collection navigation, either via 'Include' or through projection, but no 'QuerySplittingBehavior' has been configured. By default, Entity Framework will use 'QuerySplittingBehavior.SingleQuery', which can potentially result in slow query performance. See https://go.microsoft.com/fwlink/?linkid=2134277 for more information. To identify the query that's triggering this warning call 'ConfigureWarnings(w => w.Throw(RelationalEventId.MultipleCollectionIncludeWarning))'.
][2023-07-17 07:54:20.82 -05:00 INF]Executed DbCommand (40ms) [Parameters=[@__ToLower_0='?' (Size = 200)], CommandType='"Text"', CommandTimeout='30']
SELECT `u`.`Id`, `u`.`ApellidoMaterno`, `u`.`ApellidoPaterno`, `u`.`Email`, `u`.`Nombre`, `u`.`Password`, `u`.`UserName`
FROM `Usuario` AS `u`
WHERE LOWER(`u`.`UserName`) = @__ToLower_0
][2023-07-17 07:54:20.82 -05:00 INF]Executed DbCommand (56ms) [Parameters=[@__ToLower_0='?' (Size = 200)], CommandType='"Text"', CommandTimeout='30']
SELECT `t`.`Id`, `t`.`ApellidoMaterno`, `t`.`ApellidoPaterno`, `t`.`Email`, `t`.`Nombre`, `t`.`Password`, `t`.`UserName`, `t0`.`UsuarioId`, `t0`.`RolId`, `t0`.`Id`, `t0`.`Nombre`, `r0`.`Id`, `r0`.`Created`, `r0`.`Expires`, `r0`.`Revoked`, `r0`.`Token`, `r0`.`UsuarioId`
FROM (
    SELECT `u`.`Id`, `u`.`ApellidoMaterno`, `u`.`ApellidoPaterno`, `u`.`Email`, `u`.`Nombre`, `u`.`Password`, `u`.`UserName`
    FROM `Usuario` AS `u`
    WHERE LOWER(`u`.`UserName`) = @__ToLower_0
    LIMIT 1
) AS `t`
LEFT JOIN (
    SELECT `u0`.`UsuarioId`, `u0`.`RolId`, `r`.`Id`, `r`.`Nombre`
    FROM `UsuariosRoles` AS `u0`
    INNER JOIN `Rol` AS `r` ON `u0`.`RolId` = `r`.`Id`
) AS `t0` ON `t`.`Id` = `t0`.`UsuarioId`
LEFT JOIN `RefreshToken` AS `r0` ON `t`.`Id` = `r0`.`UsuarioId`
ORDER BY `t`.`Id`, `t0`.`UsuarioId`, `t0`.`RolId`, `t0`.`Id`
][2023-07-17 07:54:20.84 -05:00 INF]Executed DbCommand (1ms) [Parameters=[], CommandType='"Text"', CommandTimeout='30']
SELECT `r`.`Id`, `r`.`Nombre`
FROM `Rol` AS `r`
WHERE `r`.`Nombre` = 'Empleado'
][2023-07-17 07:54:20.93 -05:00 INF]Executed action API.Controllers.UsuariosController.GetTokenAsync (API) in 93626.9922ms
][2023-07-17 07:54:20.94 -05:00 INF]Executed endpoint 'API.Controllers.UsuariosController.GetTokenAsync (API)'
][2023-07-17 07:54:21.08 -05:00 ERR]Value cannot be null. (Parameter 'stringToEscape')
System.ArgumentNullException: Value cannot be null. (Parameter 'stringToEscape')
   at System.ArgumentNullException.Throw(String paramName)
   at System.ArgumentNullException.ThrowIfNull(Object argument, String paramName)
   at System.UriHelper.EscapeString(String stringToEscape, Boolean checkExistingEscaped, ReadOnlySpan`1 unreserved, Char forceEscape1, Char forceEscape2)
   at System.Uri.EscapeDataString(String stringToEscape)
   at Microsoft.AspNetCore.Http.ResponseCookies.Append(String key, String value, CookieOptions options)
   at API.Controllers.UsuariosController.SetRefreshTokenInCookie(String refreshToken) in F:\Proyectos .NET\Proyectos\APIs\Tienda\API\Controllers\UsuariosController.cs:line 68
   at API.Controllers.UsuariosController.GetTokenAsync(LoginDTO model) in F:\Proyectos .NET\Proyectos\APIs\Tienda\API\Controllers\UsuariosController.cs:line 38
   at Microsoft.AspNetCore.Mvc.Infrastructure.ActionMethodExecutor.TaskOfIActionResultExecutor.Execute(ActionContext actionContext, IActionResultTypeMapper mapper, ObjectMethodExecutor executor, Object controller, Object[] arguments)
   at Microsoft.AspNetCore.Mvc.Infrastructure.ControllerActionInvoker.<InvokeActionMethodAsync>g__Awaited|12_0(ControllerActionInvoker invoker, ValueTask`1 actionResultValueTask)
   at Microsoft.AspNetCore.Mvc.Infrastructure.ControllerActionInvoker.<InvokeNextActionFilterAsync>g__Awaited|10_0(ControllerActionInvoker invoker, Task lastTask, State next, Scope scope, Object state, Boolean isCompleted)
   at Microsoft.AspNetCore.Mvc.Infrastructure.ControllerActionInvoker.Rethrow(ActionExecutedContextSealed context)
   at Microsoft.AspNetCore.Mvc.Infrastructure.ControllerActionInvoker.Next(State& next, Scope& scope, Object& state, Boolean& isCompleted)
   at Microsoft.AspNetCore.Mvc.Infrastructure.ControllerActionInvoker.<InvokeInnerFilterAsync>g__Awaited|13_0(ControllerActionInvoker invoker, Task lastTask, State next, Scope scope, Object state, Boolean isCompleted)
   at Microsoft.AspNetCore.Mvc.Infrastructure.ResourceInvoker.<InvokeFilterPipelineAsync>g__Awaited|20_0(ResourceInvoker invoker, Task lastTask, State next, Scope scope, Object state, Boolean isCompleted)
   at Microsoft.AspNetCore.Mvc.Infrastructure.ResourceInvoker.<InvokeAsync>g__Logged|17_1(ResourceInvoker invoker)
   at Microsoft.AspNetCore.Mvc.Infrastructure.ResourceInvoker.<InvokeAsync>g__Logged|17_1(ResourceInvoker invoker)
   at Microsoft.AspNetCore.Routing.EndpointMiddleware.<Invoke>g__AwaitRequestTask|6_0(Endpoint endpoint, Task requestTask, ILogger logger)
   at Microsoft.AspNetCore.Authorization.AuthorizationMiddleware.Invoke(HttpContext context)
   at Microsoft.AspNetCore.Authentication.AuthenticationMiddleware.Invoke(HttpContext context)
   at Swashbuckle.AspNetCore.SwaggerUI.SwaggerUIMiddleware.Invoke(HttpContext httpContext)
   at Swashbuckle.AspNetCore.Swagger.SwaggerMiddleware.Invoke(HttpContext httpContext, ISwaggerProvider swaggerProvider)
   at AspNetCoreRateLimit.RateLimitMiddleware`1.Invoke(HttpContext context) in C:\Users\User\Documents\Github\AspNetCoreRateLimit\src\AspNetCoreRateLimit\Middleware\RateLimitMiddleware.cs:line 124
   at Microsoft.AspNetCore.Diagnostics.StatusCodePagesMiddleware.Invoke(HttpContext context)
   at API.Helpers.Errors.ExceptionMiddleware.InvokeAsync(HttpContext context) in F:\Proyectos .NET\Proyectos\APIs\Tienda\API\Helpers\Errors\ExceptionMiddleware.cs:line 24
][2023-07-17 07:54:21.20 -05:00 INF]Request finished HTTP/1.1 POST https://localhost:5001/API/Usuarios/token application/json 76 - 500 - application/json 95473.1016ms
][2023-07-17 07:54:21.44 -05:00 INF]Executed DbCommand (10ms) [Parameters=[@p0='?' (Size = 4000), @p1='?' (Size = 200), @p2='?' (Size = 200), @p3='?' (Size = 200), @p4='?' (Size = 4000), @p5='?' (Size = 200)], CommandType='"Text"', CommandTimeout='30']
INSERT INTO `Usuario` (`ApellidoMaterno`, `ApellidoPaterno`, `Email`, `Nombre`, `Password`, `UserName`)
VALUES (@p0, @p1, @p2, @p3, @p4, @p5);
SELECT `Id`
FROM `Usuario`
WHERE ROW_COUNT() = 1 AND `Id` = LAST_INSERT_ID();
][2023-07-17 07:54:21.50 -05:00 INF]Executed DbCommand (3ms) [Parameters=[@p6='?' (DbType = Int32), @p7='?' (DbType = Int32)], CommandType='"Text"', CommandTimeout='30']
SET AUTOCOMMIT = 1;
INSERT INTO `UsuariosRoles` (`RolId`, `UsuarioId`)
VALUES (@p6, @p7);
][2023-07-17 07:54:21.54 -05:00 INF]Executing OkObjectResult, writing value of type 'System.String'.
][2023-07-17 07:54:21.55 -05:00 INF]Executed action API.Controllers.UsuariosController.RegisterAsync (API) in 1127.6834ms
][2023-07-17 07:54:21.55 -05:00 INF]Executed endpoint 'API.Controllers.UsuariosController.RegisterAsync (API)'
][2023-07-17 07:54:21.56 -05:00 INF]Request finished HTTP/1.1 POST https://localhost:5001/API/Usuarios/Register application/json 227 - 200 - text/plain;+charset=utf-8 1162.1052ms
][2023-07-17 07:54:29.54 -05:00 INF]Request starting HTTP/1.1 POST https://localhost:5001/API/Usuarios/token application/json 76
][2023-07-17 07:54:29.55 -05:00 INF]Bearer was not authenticated. Failure message: No SecurityTokenValidator available for token.
][2023-07-17 07:54:29.55 -05:00 INF]Executing endpoint 'API.Controllers.UsuariosController.GetTokenAsync (API)'
][2023-07-17 07:54:29.56 -05:00 INF]Route matched with {action = "GetToken", controller = "Usuarios"}. Executing controller action with signature System.Threading.Tasks.Task`1[Microsoft.AspNetCore.Mvc.IActionResult] GetTokenAsync(API.Dtos.LoginDTO) on controller API.Controllers.UsuariosController (API).
][2023-07-17 07:54:32.69 -05:00 INF]Executed DbCommand (5ms) [Parameters=[@__ToLower_0='?' (Size = 200)], CommandType='"Text"', CommandTimeout='30']
SELECT `t`.`Id`, `t`.`ApellidoMaterno`, `t`.`ApellidoPaterno`, `t`.`Email`, `t`.`Nombre`, `t`.`Password`, `t`.`UserName`, `t0`.`UsuarioId`, `t0`.`RolId`, `t0`.`Id`, `t0`.`Nombre`, `r0`.`Id`, `r0`.`Created`, `r0`.`Expires`, `r0`.`Revoked`, `r0`.`Token`, `r0`.`UsuarioId`
FROM (
    SELECT `u`.`Id`, `u`.`ApellidoMaterno`, `u`.`ApellidoPaterno`, `u`.`Email`, `u`.`Nombre`, `u`.`Password`, `u`.`UserName`
    FROM `Usuario` AS `u`
    WHERE LOWER(`u`.`UserName`) = @__ToLower_0
    LIMIT 1
) AS `t`
LEFT JOIN (
    SELECT `u0`.`UsuarioId`, `u0`.`RolId`, `r`.`Id`, `r`.`Nombre`
    FROM `UsuariosRoles` AS `u0`
    INNER JOIN `Rol` AS `r` ON `u0`.`RolId` = `r`.`Id`
) AS `t0` ON `t`.`Id` = `t0`.`UsuarioId`
LEFT JOIN `RefreshToken` AS `r0` ON `t`.`Id` = `r0`.`UsuarioId`
ORDER BY `t`.`Id`, `t0`.`UsuarioId`, `t0`.`RolId`, `t0`.`Id`
][2023-07-17 07:54:33.22 -05:00 INF]Executed action API.Controllers.UsuariosController.GetTokenAsync (API) in 3664.0452ms
][2023-07-17 07:54:33.23 -05:00 INF]Executed endpoint 'API.Controllers.UsuariosController.GetTokenAsync (API)'
][2023-07-17 07:54:33.39 -05:00 ERR]IDX10720: Unable to create KeyedHashAlgorithm for algorithm 'HS256', the key size must be greater than: '256' bits, key has '152' bits. (Parameter 'keyBytes')
System.ArgumentOutOfRangeException: IDX10720: Unable to create KeyedHashAlgorithm for algorithm 'HS256', the key size must be greater than: '256' bits, key has '152' bits. (Parameter 'keyBytes')
   at Microsoft.IdentityModel.Tokens.CryptoProviderFactory.ValidateKeySize(Byte[] keyBytes, String algorithm, Int32 expectedNumberOfBytes)
   at Microsoft.IdentityModel.Tokens.CryptoProviderFactory.CreateKeyedHashAlgorithm(Byte[] keyBytes, String algorithm)
   at Microsoft.IdentityModel.Tokens.SymmetricSignatureProvider.CreateKeyedHashAlgorithm()
   at Microsoft.IdentityModel.Tokens.DisposableObjectPool`1.CreateInstance()
   at Microsoft.IdentityModel.Tokens.DisposableObjectPool`1.Allocate()
   at Microsoft.IdentityModel.Tokens.SymmetricSignatureProvider.GetKeyedHashAlgorithm(Byte[] keyBytes, String algorithm)
   at Microsoft.IdentityModel.Tokens.SymmetricSignatureProvider.Sign(Byte[] input)
   at Microsoft.IdentityModel.JsonWebTokens.JwtTokenUtilities.CreateEncodedSignature(String input, SigningCredentials signingCredentials)
   at System.IdentityModel.Tokens.Jwt.JwtSecurityTokenHandler.WriteToken(SecurityToken token)
   at API.Services.UserService.GetTokenAsync(LoginDTO model) in F:\Proyectos .NET\Proyectos\APIs\Tienda\API\Services\UserService.cs:line 102
   at API.Controllers.UsuariosController.GetTokenAsync(LoginDTO model) in F:\Proyectos .NET\Proyectos\APIs\Tienda\API\Controllers\UsuariosController.cs:line 37
   at Microsoft.AspNetCore.Mvc.Infrastructure.ActionMethodExecutor.TaskOfIActionResultExecutor.Execute(ActionContext actionContext, IActionResultTypeMapper mapper, ObjectMethodExecutor executor, Object controller, Object[] arguments)
   at Microsoft.AspNetCore.Mvc.Infrastructure.ControllerActionInvoker.<InvokeActionMethodAsync>g__Awaited|12_0(ControllerActionInvoker invoker, ValueTask`1 actionResultValueTask)
   at Microsoft.AspNetCore.Mvc.Infrastructure.ControllerActionInvoker.<InvokeNextActionFilterAsync>g__Awaited|10_0(ControllerActionInvoker invoker, Task lastTask, State next, Scope scope, Object state, Boolean isCompleted)
   at Microsoft.AspNetCore.Mvc.Infrastructure.ControllerActionInvoker.Rethrow(ActionExecutedContextSealed context)
   at Microsoft.AspNetCore.Mvc.Infrastructure.ControllerActionInvoker.Next(State& next, Scope& scope, Object& state, Boolean& isCompleted)
   at Microsoft.AspNetCore.Mvc.Infrastructure.ControllerActionInvoker.<InvokeInnerFilterAsync>g__Awaited|13_0(ControllerActionInvoker invoker, Task lastTask, State next, Scope scope, Object state, Boolean isCompleted)
   at Microsoft.AspNetCore.Mvc.Infrastructure.ResourceInvoker.<InvokeFilterPipelineAsync>g__Awaited|20_0(ResourceInvoker invoker, Task lastTask, State next, Scope scope, Object state, Boolean isCompleted)
   at Microsoft.AspNetCore.Mvc.Infrastructure.ResourceInvoker.<InvokeAsync>g__Logged|17_1(ResourceInvoker invoker)
   at Microsoft.AspNetCore.Mvc.Infrastructure.ResourceInvoker.<InvokeAsync>g__Logged|17_1(ResourceInvoker invoker)
   at Microsoft.AspNetCore.Routing.EndpointMiddleware.<Invoke>g__AwaitRequestTask|6_0(Endpoint endpoint, Task requestTask, ILogger logger)
   at Microsoft.AspNetCore.Authorization.AuthorizationMiddleware.Invoke(HttpContext context)
   at Microsoft.AspNetCore.Authentication.AuthenticationMiddleware.Invoke(HttpContext context)
   at Swashbuckle.AspNetCore.SwaggerUI.SwaggerUIMiddleware.Invoke(HttpContext httpContext)
   at Swashbuckle.AspNetCore.Swagger.SwaggerMiddleware.Invoke(HttpContext httpContext, ISwaggerProvider swaggerProvider)
   at AspNetCoreRateLimit.RateLimitMiddleware`1.Invoke(HttpContext context) in C:\Users\User\Documents\Github\AspNetCoreRateLimit\src\AspNetCoreRateLimit\Middleware\RateLimitMiddleware.cs:line 124
   at Microsoft.AspNetCore.Diagnostics.StatusCodePagesMiddleware.Invoke(HttpContext context)
   at API.Helpers.Errors.ExceptionMiddleware.InvokeAsync(HttpContext context) in F:\Proyectos .NET\Proyectos\APIs\Tienda\API\Helpers\Errors\ExceptionMiddleware.cs:line 24
][2023-07-17 07:54:33.40 -05:00 INF]Request finished HTTP/1.1 POST https://localhost:5001/API/Usuarios/token application/json 76 - 500 - application/json 3856.4759ms
][2023-07-17 07:55:29.80 -05:00 INF]Request starting HTTP/1.1 POST https://localhost:5001/API/Usuarios/token application/json 76
][2023-07-17 07:55:29.81 -05:00 INF]Bearer was not authenticated. Failure message: No SecurityTokenValidator available for token.
][2023-07-17 07:55:29.82 -05:00 INF]Executing endpoint 'API.Controllers.UsuariosController.GetTokenAsync (API)'
][2023-07-17 07:55:29.82 -05:00 INF]Route matched with {action = "GetToken", controller = "Usuarios"}. Executing controller action with signature System.Threading.Tasks.Task`1[Microsoft.AspNetCore.Mvc.IActionResult] GetTokenAsync(API.Dtos.LoginDTO) on controller API.Controllers.UsuariosController (API).
][2023-07-17 07:55:29.84 -05:00 INF]Executed DbCommand (8ms) [Parameters=[@__ToLower_0='?' (Size = 200)], CommandType='"Text"', CommandTimeout='30']
SELECT `t`.`Id`, `t`.`ApellidoMaterno`, `t`.`ApellidoPaterno`, `t`.`Email`, `t`.`Nombre`, `t`.`Password`, `t`.`UserName`, `t0`.`UsuarioId`, `t0`.`RolId`, `t0`.`Id`, `t0`.`Nombre`, `r0`.`Id`, `r0`.`Created`, `r0`.`Expires`, `r0`.`Revoked`, `r0`.`Token`, `r0`.`UsuarioId`
FROM (
    SELECT `u`.`Id`, `u`.`ApellidoMaterno`, `u`.`ApellidoPaterno`, `u`.`Email`, `u`.`Nombre`, `u`.`Password`, `u`.`UserName`
    FROM `Usuario` AS `u`
    WHERE LOWER(`u`.`UserName`) = @__ToLower_0
    LIMIT 1
) AS `t`
LEFT JOIN (
    SELECT `u0`.`UsuarioId`, `u0`.`RolId`, `r`.`Id`, `r`.`Nombre`
    FROM `UsuariosRoles` AS `u0`
    INNER JOIN `Rol` AS `r` ON `u0`.`RolId` = `r`.`Id`
) AS `t0` ON `t`.`Id` = `t0`.`UsuarioId`
LEFT JOIN `RefreshToken` AS `r0` ON `t`.`Id` = `r0`.`UsuarioId`
ORDER BY `t`.`Id`, `t0`.`UsuarioId`, `t0`.`RolId`, `t0`.`Id`
][2023-07-17 07:55:30.06 -05:00 INF]Executed action API.Controllers.UsuariosController.GetTokenAsync (API) in 238.4774ms
][2023-07-17 07:55:30.06 -05:00 INF]Executed endpoint 'API.Controllers.UsuariosController.GetTokenAsync (API)'
][2023-07-17 07:55:30.19 -05:00 ERR]IDX10720: Unable to create KeyedHashAlgorithm for algorithm 'HS256', the key size must be greater than: '256' bits, key has '152' bits. (Parameter 'keyBytes')
System.ArgumentOutOfRangeException: IDX10720: Unable to create KeyedHashAlgorithm for algorithm 'HS256', the key size must be greater than: '256' bits, key has '152' bits. (Parameter 'keyBytes')
   at Microsoft.IdentityModel.Tokens.CryptoProviderFactory.ValidateKeySize(Byte[] keyBytes, String algorithm, Int32 expectedNumberOfBytes)
   at Microsoft.IdentityModel.Tokens.CryptoProviderFactory.CreateKeyedHashAlgorithm(Byte[] keyBytes, String algorithm)
   at Microsoft.IdentityModel.Tokens.SymmetricSignatureProvider.CreateKeyedHashAlgorithm()
   at Microsoft.IdentityModel.Tokens.DisposableObjectPool`1.CreateInstance()
   at Microsoft.IdentityModel.Tokens.DisposableObjectPool`1.Allocate()
   at Microsoft.IdentityModel.Tokens.SymmetricSignatureProvider.GetKeyedHashAlgorithm(Byte[] keyBytes, String algorithm)
   at Microsoft.IdentityModel.Tokens.SymmetricSignatureProvider.Sign(Byte[] input)
   at Microsoft.IdentityModel.JsonWebTokens.JwtTokenUtilities.CreateEncodedSignature(String input, SigningCredentials signingCredentials)
   at System.IdentityModel.Tokens.Jwt.JwtSecurityTokenHandler.WriteToken(SecurityToken token)
   at API.Services.UserService.GetTokenAsync(LoginDTO model) in F:\Proyectos .NET\Proyectos\APIs\Tienda\API\Services\UserService.cs:line 102
   at API.Controllers.UsuariosController.GetTokenAsync(LoginDTO model) in F:\Proyectos .NET\Proyectos\APIs\Tienda\API\Controllers\UsuariosController.cs:line 37
   at Microsoft.AspNetCore.Mvc.Infrastructure.ActionMethodExecutor.TaskOfIActionResultExecutor.Execute(ActionContext actionContext, IActionResultTypeMapper mapper, ObjectMethodExecutor executor, Object controller, Object[] arguments)
   at Microsoft.AspNetCore.Mvc.Infrastructure.ControllerActionInvoker.<InvokeActionMethodAsync>g__Awaited|12_0(ControllerActionInvoker invoker, ValueTask`1 actionResultValueTask)
   at Microsoft.AspNetCore.Mvc.Infrastructure.ControllerActionInvoker.<InvokeNextActionFilterAsync>g__Awaited|10_0(ControllerActionInvoker invoker, Task lastTask, State next, Scope scope, Object state, Boolean isCompleted)
   at Microsoft.AspNetCore.Mvc.Infrastructure.ControllerActionInvoker.Rethrow(ActionExecutedContextSealed context)
   at Microsoft.AspNetCore.Mvc.Infrastructure.ControllerActionInvoker.Next(State& next, Scope& scope, Object& state, Boolean& isCompleted)
   at Microsoft.AspNetCore.Mvc.Infrastructure.ControllerActionInvoker.<InvokeInnerFilterAsync>g__Awaited|13_0(ControllerActionInvoker invoker, Task lastTask, State next, Scope scope, Object state, Boolean isCompleted)
   at Microsoft.AspNetCore.Mvc.Infrastructure.ResourceInvoker.<InvokeFilterPipelineAsync>g__Awaited|20_0(ResourceInvoker invoker, Task lastTask, State next, Scope scope, Object state, Boolean isCompleted)
   at Microsoft.AspNetCore.Mvc.Infrastructure.ResourceInvoker.<InvokeAsync>g__Logged|17_1(ResourceInvoker invoker)
   at Microsoft.AspNetCore.Mvc.Infrastructure.ResourceInvoker.<InvokeAsync>g__Logged|17_1(ResourceInvoker invoker)
   at Microsoft.AspNetCore.Routing.EndpointMiddleware.<Invoke>g__AwaitRequestTask|6_0(Endpoint endpoint, Task requestTask, ILogger logger)
   at Microsoft.AspNetCore.Authorization.AuthorizationMiddleware.Invoke(HttpContext context)
   at Microsoft.AspNetCore.Authentication.AuthenticationMiddleware.Invoke(HttpContext context)
   at Swashbuckle.AspNetCore.SwaggerUI.SwaggerUIMiddleware.Invoke(HttpContext httpContext)
   at Swashbuckle.AspNetCore.Swagger.SwaggerMiddleware.Invoke(HttpContext httpContext, ISwaggerProvider swaggerProvider)
   at AspNetCoreRateLimit.RateLimitMiddleware`1.Invoke(HttpContext context) in C:\Users\User\Documents\Github\AspNetCoreRateLimit\src\AspNetCoreRateLimit\Middleware\RateLimitMiddleware.cs:line 124
   at Microsoft.AspNetCore.Diagnostics.StatusCodePagesMiddleware.Invoke(HttpContext context)
   at API.Helpers.Errors.ExceptionMiddleware.InvokeAsync(HttpContext context) in F:\Proyectos .NET\Proyectos\APIs\Tienda\API\Helpers\Errors\ExceptionMiddleware.cs:line 24
][2023-07-17 07:55:30.20 -05:00 INF]Request finished HTTP/1.1 POST https://localhost:5001/API/Usuarios/token application/json 76 - 500 - application/json 398.3549ms
][2023-07-17 07:55:40.78 -05:00 INF]Request starting HTTP/1.1 POST https://localhost:5001/API/Usuarios/refresh-token application/json 227
][2023-07-17 07:55:40.78 -05:00 INF]Bearer was not authenticated. Failure message: No SecurityTokenValidator available for token.
][2023-07-17 07:55:40.79 -05:00 INF]Executing endpoint 'API.Controllers.UsuariosController.RefreshToken (API)'
][2023-07-17 07:55:40.79 -05:00 INF]Route matched with {action = "RefreshToken", controller = "Usuarios"}. Executing controller action with signature System.Threading.Tasks.Task`1[Microsoft.AspNetCore.Mvc.IActionResult] RefreshToken() on controller API.Controllers.UsuariosController (API).
][2023-07-17 07:55:40.82 -05:00 WRN]Compiling a query which loads related collections for more than one collection navigation, either via 'Include' or through projection, but no 'QuerySplittingBehavior' has been configured. By default, Entity Framework will use 'QuerySplittingBehavior.SingleQuery', which can potentially result in slow query performance. See https://go.microsoft.com/fwlink/?linkid=2134277 for more information. To identify the query that's triggering this warning call 'ConfigureWarnings(w => w.Throw(RelationalEventId.MultipleCollectionIncludeWarning))'.
][2023-07-17 07:55:40.84 -05:00 INF]Executed DbCommand (3ms) [Parameters=[], CommandType='"Text"', CommandTimeout='30']
SELECT `t`.`Id`, `t`.`ApellidoMaterno`, `t`.`ApellidoPaterno`, `t`.`Email`, `t`.`Nombre`, `t`.`Password`, `t`.`UserName`, `t0`.`UsuarioId`, `t0`.`RolId`, `t0`.`Id`, `t0`.`Nombre`, `r1`.`Id`, `r1`.`Created`, `r1`.`Expires`, `r1`.`Revoked`, `r1`.`Token`, `r1`.`UsuarioId`
FROM (
    SELECT `u`.`Id`, `u`.`ApellidoMaterno`, `u`.`ApellidoPaterno`, `u`.`Email`, `u`.`Nombre`, `u`.`Password`, `u`.`UserName`
    FROM `Usuario` AS `u`
    WHERE EXISTS (
        SELECT 1
        FROM `RefreshToken` AS `r`
        WHERE (`u`.`Id` = `r`.`UsuarioId`) AND `r`.`Token` IS NULL)
    LIMIT 1
) AS `t`
LEFT JOIN (
    SELECT `u0`.`UsuarioId`, `u0`.`RolId`, `r0`.`Id`, `r0`.`Nombre`
    FROM `UsuariosRoles` AS `u0`
    INNER JOIN `Rol` AS `r0` ON `u0`.`RolId` = `r0`.`Id`
) AS `t0` ON `t`.`Id` = `t0`.`UsuarioId`
LEFT JOIN `RefreshToken` AS `r1` ON `t`.`Id` = `r1`.`UsuarioId`
ORDER BY `t`.`Id`, `t0`.`UsuarioId`, `t0`.`RolId`, `t0`.`Id`
][2023-07-17 07:55:40.85 -05:00 INF]Executing OkObjectResult, writing value of type 'API.Dtos.DatosUsuarioDto'.
][2023-07-17 07:55:40.88 -05:00 INF]Executed action API.Controllers.UsuariosController.RefreshToken (API) in 83.7273ms
][2023-07-17 07:55:40.88 -05:00 INF]Executed endpoint 'API.Controllers.UsuariosController.RefreshToken (API)'
][2023-07-17 07:55:40.89 -05:00 INF]Request finished HTTP/1.1 POST https://localhost:5001/API/Usuarios/refresh-token application/json 227 - 200 - application/json;+charset=utf-8 105.3031ms
][2023-07-17 07:55:57.73 -05:00 INF]Request starting HTTP/1.1 POST https://localhost:5001/API/Usuarios/token application/json 76
][2023-07-17 07:55:57.73 -05:00 INF]Bearer was not authenticated. Failure message: No SecurityTokenValidator available for token.
][2023-07-17 07:55:57.73 -05:00 INF]Executing endpoint 'API.Controllers.UsuariosController.GetTokenAsync (API)'
][2023-07-17 07:55:57.73 -05:00 INF]Route matched with {action = "GetToken", controller = "Usuarios"}. Executing controller action with signature System.Threading.Tasks.Task`1[Microsoft.AspNetCore.Mvc.IActionResult] GetTokenAsync(API.Dtos.LoginDTO) on controller API.Controllers.UsuariosController (API).
][2023-07-17 07:56:07.13 -05:00 INF]Executed DbCommand (74ms) [Parameters=[@__ToLower_0='?' (Size = 200)], CommandType='"Text"', CommandTimeout='30']
SELECT `t`.`Id`, `t`.`ApellidoMaterno`, `t`.`ApellidoPaterno`, `t`.`Email`, `t`.`Nombre`, `t`.`Password`, `t`.`UserName`, `t0`.`UsuarioId`, `t0`.`RolId`, `t0`.`Id`, `t0`.`Nombre`, `r0`.`Id`, `r0`.`Created`, `r0`.`Expires`, `r0`.`Revoked`, `r0`.`Token`, `r0`.`UsuarioId`
FROM (
    SELECT `u`.`Id`, `u`.`ApellidoMaterno`, `u`.`ApellidoPaterno`, `u`.`Email`, `u`.`Nombre`, `u`.`Password`, `u`.`UserName`
    FROM `Usuario` AS `u`
    WHERE LOWER(`u`.`UserName`) = @__ToLower_0
    LIMIT 1
) AS `t`
LEFT JOIN (
    SELECT `u0`.`UsuarioId`, `u0`.`RolId`, `r`.`Id`, `r`.`Nombre`
    FROM `UsuariosRoles` AS `u0`
    INNER JOIN `Rol` AS `r` ON `u0`.`RolId` = `r`.`Id`
) AS `t0` ON `t`.`Id` = `t0`.`UsuarioId`
LEFT JOIN `RefreshToken` AS `r0` ON `t`.`Id` = `r0`.`UsuarioId`
ORDER BY `t`.`Id`, `t0`.`UsuarioId`, `t0`.`RolId`, `t0`.`Id`
][2023-07-17 07:56:07.42 -05:00 INF]Executed action API.Controllers.UsuariosController.GetTokenAsync (API) in 9685.2681ms
][2023-07-17 07:56:07.43 -05:00 INF]Executed endpoint 'API.Controllers.UsuariosController.GetTokenAsync (API)'
][2023-07-17 07:56:07.55 -05:00 ERR]IDX10720: Unable to create KeyedHashAlgorithm for algorithm 'HS256', the key size must be greater than: '256' bits, key has '152' bits. (Parameter 'keyBytes')
System.ArgumentOutOfRangeException: IDX10720: Unable to create KeyedHashAlgorithm for algorithm 'HS256', the key size must be greater than: '256' bits, key has '152' bits. (Parameter 'keyBytes')
   at Microsoft.IdentityModel.Tokens.CryptoProviderFactory.ValidateKeySize(Byte[] keyBytes, String algorithm, Int32 expectedNumberOfBytes)
   at Microsoft.IdentityModel.Tokens.CryptoProviderFactory.CreateKeyedHashAlgorithm(Byte[] keyBytes, String algorithm)
   at Microsoft.IdentityModel.Tokens.SymmetricSignatureProvider.CreateKeyedHashAlgorithm()
   at Microsoft.IdentityModel.Tokens.DisposableObjectPool`1.CreateInstance()
   at Microsoft.IdentityModel.Tokens.DisposableObjectPool`1.Allocate()
   at Microsoft.IdentityModel.Tokens.SymmetricSignatureProvider.GetKeyedHashAlgorithm(Byte[] keyBytes, String algorithm)
   at Microsoft.IdentityModel.Tokens.SymmetricSignatureProvider.Sign(Byte[] input)
   at Microsoft.IdentityModel.JsonWebTokens.JwtTokenUtilities.CreateEncodedSignature(String input, SigningCredentials signingCredentials)
   at System.IdentityModel.Tokens.Jwt.JwtSecurityTokenHandler.WriteToken(SecurityToken token)
   at API.Services.UserService.GetTokenAsync(LoginDTO model) in F:\Proyectos .NET\Proyectos\APIs\Tienda\API\Services\UserService.cs:line 102
   at API.Controllers.UsuariosController.GetTokenAsync(LoginDTO model) in F:\Proyectos .NET\Proyectos\APIs\Tienda\API\Controllers\UsuariosController.cs:line 37
   at Microsoft.AspNetCore.Mvc.Infrastructure.ActionMethodExecutor.TaskOfIActionResultExecutor.Execute(ActionContext actionContext, IActionResultTypeMapper mapper, ObjectMethodExecutor executor, Object controller, Object[] arguments)
   at Microsoft.AspNetCore.Mvc.Infrastructure.ControllerActionInvoker.<InvokeActionMethodAsync>g__Awaited|12_0(ControllerActionInvoker invoker, ValueTask`1 actionResultValueTask)
   at Microsoft.AspNetCore.Mvc.Infrastructure.ControllerActionInvoker.<InvokeNextActionFilterAsync>g__Awaited|10_0(ControllerActionInvoker invoker, Task lastTask, State next, Scope scope, Object state, Boolean isCompleted)
   at Microsoft.AspNetCore.Mvc.Infrastructure.ControllerActionInvoker.Rethrow(ActionExecutedContextSealed context)
   at Microsoft.AspNetCore.Mvc.Infrastructure.ControllerActionInvoker.Next(State& next, Scope& scope, Object& state, Boolean& isCompleted)
   at Microsoft.AspNetCore.Mvc.Infrastructure.ControllerActionInvoker.<InvokeInnerFilterAsync>g__Awaited|13_0(ControllerActionInvoker invoker, Task lastTask, State next, Scope scope, Object state, Boolean isCompleted)
   at Microsoft.AspNetCore.Mvc.Infrastructure.ResourceInvoker.<InvokeFilterPipelineAsync>g__Awaited|20_0(ResourceInvoker invoker, Task lastTask, State next, Scope scope, Object state, Boolean isCompleted)
   at Microsoft.AspNetCore.Mvc.Infrastructure.ResourceInvoker.<InvokeAsync>g__Logged|17_1(ResourceInvoker invoker)
   at Microsoft.AspNetCore.Mvc.Infrastructure.ResourceInvoker.<InvokeAsync>g__Logged|17_1(ResourceInvoker invoker)
   at Microsoft.AspNetCore.Routing.EndpointMiddleware.<Invoke>g__AwaitRequestTask|6_0(Endpoint endpoint, Task requestTask, ILogger logger)
   at Microsoft.AspNetCore.Authorization.AuthorizationMiddleware.Invoke(HttpContext context)
   at Microsoft.AspNetCore.Authentication.AuthenticationMiddleware.Invoke(HttpContext context)
   at Swashbuckle.AspNetCore.SwaggerUI.SwaggerUIMiddleware.Invoke(HttpContext httpContext)
   at Swashbuckle.AspNetCore.Swagger.SwaggerMiddleware.Invoke(HttpContext httpContext, ISwaggerProvider swaggerProvider)
   at AspNetCoreRateLimit.RateLimitMiddleware`1.Invoke(HttpContext context) in C:\Users\User\Documents\Github\AspNetCoreRateLimit\src\AspNetCoreRateLimit\Middleware\RateLimitMiddleware.cs:line 124
   at Microsoft.AspNetCore.Diagnostics.StatusCodePagesMiddleware.Invoke(HttpContext context)
   at API.Helpers.Errors.ExceptionMiddleware.InvokeAsync(HttpContext context) in F:\Proyectos .NET\Proyectos\APIs\Tienda\API\Helpers\Errors\ExceptionMiddleware.cs:line 24
][2023-07-17 07:56:07.56 -05:00 INF]Request finished HTTP/1.1 POST https://localhost:5001/API/Usuarios/token application/json 76 - 500 - application/json 9833.0624ms
][2023-07-17 07:56:18.42 -05:00 INF]Request starting HTTP/1.1 POST https://localhost:5001/API/Usuarios/token application/json 76
][2023-07-17 07:56:18.42 -05:00 INF]Bearer was not authenticated. Failure message: No SecurityTokenValidator available for token.
][2023-07-17 07:56:18.42 -05:00 INF]Executing endpoint 'API.Controllers.UsuariosController.GetTokenAsync (API)'
][2023-07-17 07:56:18.43 -05:00 INF]Route matched with {action = "GetToken", controller = "Usuarios"}. Executing controller action with signature System.Threading.Tasks.Task`1[Microsoft.AspNetCore.Mvc.IActionResult] GetTokenAsync(API.Dtos.LoginDTO) on controller API.Controllers.UsuariosController (API).
][2023-07-17 07:56:33.89 -05:00 INF]Executed DbCommand (2ms) [Parameters=[@__ToLower_0='?' (Size = 200)], CommandType='"Text"', CommandTimeout='30']
SELECT `t`.`Id`, `t`.`ApellidoMaterno`, `t`.`ApellidoPaterno`, `t`.`Email`, `t`.`Nombre`, `t`.`Password`, `t`.`UserName`, `t0`.`UsuarioId`, `t0`.`RolId`, `t0`.`Id`, `t0`.`Nombre`, `r0`.`Id`, `r0`.`Created`, `r0`.`Expires`, `r0`.`Revoked`, `r0`.`Token`, `r0`.`UsuarioId`
FROM (
    SELECT `u`.`Id`, `u`.`ApellidoMaterno`, `u`.`ApellidoPaterno`, `u`.`Email`, `u`.`Nombre`, `u`.`Password`, `u`.`UserName`
    FROM `Usuario` AS `u`
    WHERE LOWER(`u`.`UserName`) = @__ToLower_0
    LIMIT 1
) AS `t`
LEFT JOIN (
    SELECT `u0`.`UsuarioId`, `u0`.`RolId`, `r`.`Id`, `r`.`Nombre`
    FROM `UsuariosRoles` AS `u0`
    INNER JOIN `Rol` AS `r` ON `u0`.`RolId` = `r`.`Id`
) AS `t0` ON `t`.`Id` = `t0`.`UsuarioId`
LEFT JOIN `RefreshToken` AS `r0` ON `t`.`Id` = `r0`.`UsuarioId`
ORDER BY `t`.`Id`, `t0`.`UsuarioId`, `t0`.`RolId`, `t0`.`Id`
][2023-07-17 07:57:41.84 -05:00 INF]Executed action API.Controllers.UsuariosController.GetTokenAsync (API) in 83412.6652ms
][2023-07-17 07:57:41.85 -05:00 INF]Executed endpoint 'API.Controllers.UsuariosController.GetTokenAsync (API)'
][2023-07-17 07:57:41.97 -05:00 ERR]IDX10720: Unable to create KeyedHashAlgorithm for algorithm 'HS256', the key size must be greater than: '256' bits, key has '152' bits. (Parameter 'keyBytes')
System.ArgumentOutOfRangeException: IDX10720: Unable to create KeyedHashAlgorithm for algorithm 'HS256', the key size must be greater than: '256' bits, key has '152' bits. (Parameter 'keyBytes')
   at Microsoft.IdentityModel.Tokens.CryptoProviderFactory.ValidateKeySize(Byte[] keyBytes, String algorithm, Int32 expectedNumberOfBytes)
   at Microsoft.IdentityModel.Tokens.CryptoProviderFactory.CreateKeyedHashAlgorithm(Byte[] keyBytes, String algorithm)
   at Microsoft.IdentityModel.Tokens.SymmetricSignatureProvider.CreateKeyedHashAlgorithm()
   at Microsoft.IdentityModel.Tokens.DisposableObjectPool`1.CreateInstance()
   at Microsoft.IdentityModel.Tokens.DisposableObjectPool`1.Allocate()
   at Microsoft.IdentityModel.Tokens.SymmetricSignatureProvider.GetKeyedHashAlgorithm(Byte[] keyBytes, String algorithm)
   at Microsoft.IdentityModel.Tokens.SymmetricSignatureProvider.Sign(Byte[] input)
   at Microsoft.IdentityModel.JsonWebTokens.JwtTokenUtilities.CreateEncodedSignature(String input, SigningCredentials signingCredentials)
   at System.IdentityModel.Tokens.Jwt.JwtSecurityTokenHandler.WriteToken(SecurityToken token)
   at API.Services.UserService.GetTokenAsync(LoginDTO model) in F:\Proyectos .NET\Proyectos\APIs\Tienda\API\Services\UserService.cs:line 102
   at API.Controllers.UsuariosController.GetTokenAsync(LoginDTO model) in F:\Proyectos .NET\Proyectos\APIs\Tienda\API\Controllers\UsuariosController.cs:line 37
   at Microsoft.AspNetCore.Mvc.Infrastructure.ActionMethodExecutor.TaskOfIActionResultExecutor.Execute(ActionContext actionContext, IActionResultTypeMapper mapper, ObjectMethodExecutor executor, Object controller, Object[] arguments)
   at Microsoft.AspNetCore.Mvc.Infrastructure.ControllerActionInvoker.<InvokeActionMethodAsync>g__Awaited|12_0(ControllerActionInvoker invoker, ValueTask`1 actionResultValueTask)
   at Microsoft.AspNetCore.Mvc.Infrastructure.ControllerActionInvoker.<InvokeNextActionFilterAsync>g__Awaited|10_0(ControllerActionInvoker invoker, Task lastTask, State next, Scope scope, Object state, Boolean isCompleted)
   at Microsoft.AspNetCore.Mvc.Infrastructure.ControllerActionInvoker.Rethrow(ActionExecutedContextSealed context)
   at Microsoft.AspNetCore.Mvc.Infrastructure.ControllerActionInvoker.Next(State& next, Scope& scope, Object& state, Boolean& isCompleted)
   at Microsoft.AspNetCore.Mvc.Infrastructure.ControllerActionInvoker.<InvokeInnerFilterAsync>g__Awaited|13_0(ControllerActionInvoker invoker, Task lastTask, State next, Scope scope, Object state, Boolean isCompleted)
   at Microsoft.AspNetCore.Mvc.Infrastructure.ResourceInvoker.<InvokeFilterPipelineAsync>g__Awaited|20_0(ResourceInvoker invoker, Task lastTask, State next, Scope scope, Object state, Boolean isCompleted)
   at Microsoft.AspNetCore.Mvc.Infrastructure.ResourceInvoker.<InvokeAsync>g__Logged|17_1(ResourceInvoker invoker)
   at Microsoft.AspNetCore.Mvc.Infrastructure.ResourceInvoker.<InvokeAsync>g__Logged|17_1(ResourceInvoker invoker)
   at Microsoft.AspNetCore.Routing.EndpointMiddleware.<Invoke>g__AwaitRequestTask|6_0(Endpoint endpoint, Task requestTask, ILogger logger)
   at Microsoft.AspNetCore.Authorization.AuthorizationMiddleware.Invoke(HttpContext context)
   at Microsoft.AspNetCore.Authentication.AuthenticationMiddleware.Invoke(HttpContext context)
   at Swashbuckle.AspNetCore.SwaggerUI.SwaggerUIMiddleware.Invoke(HttpContext httpContext)
   at Swashbuckle.AspNetCore.Swagger.SwaggerMiddleware.Invoke(HttpContext httpContext, ISwaggerProvider swaggerProvider)
   at AspNetCoreRateLimit.RateLimitMiddleware`1.Invoke(HttpContext context) in C:\Users\User\Documents\Github\AspNetCoreRateLimit\src\AspNetCoreRateLimit\Middleware\RateLimitMiddleware.cs:line 124
   at Microsoft.AspNetCore.Diagnostics.StatusCodePagesMiddleware.Invoke(HttpContext context)
   at API.Helpers.Errors.ExceptionMiddleware.InvokeAsync(HttpContext context) in F:\Proyectos .NET\Proyectos\APIs\Tienda\API\Helpers\Errors\ExceptionMiddleware.cs:line 24
][2023-07-17 07:57:41.99 -05:00 INF]Request finished HTTP/1.1 POST https://localhost:5001/API/Usuarios/token application/json 76 - 500 - application/json 83568.4208ms
][2023-07-17 07:58:53.93 -05:00 INF]Request starting HTTP/1.1 POST https://localhost:5001/API/Usuarios/token application/json 76
][2023-07-17 07:58:53.94 -05:00 INF]Bearer was not authenticated. Failure message: No SecurityTokenValidator available for token.
][2023-07-17 07:58:53.95 -05:00 INF]Executing endpoint 'API.Controllers.UsuariosController.GetTokenAsync (API)'
][2023-07-17 07:58:53.95 -05:00 INF]Route matched with {action = "GetToken", controller = "Usuarios"}. Executing controller action with signature System.Threading.Tasks.Task`1[Microsoft.AspNetCore.Mvc.IActionResult] GetTokenAsync(API.Dtos.LoginDTO) on controller API.Controllers.UsuariosController (API).
][2023-07-17 07:58:53.96 -05:00 INF]Executed DbCommand (3ms) [Parameters=[@__ToLower_0='?' (Size = 200)], CommandType='"Text"', CommandTimeout='30']
SELECT `t`.`Id`, `t`.`ApellidoMaterno`, `t`.`ApellidoPaterno`, `t`.`Email`, `t`.`Nombre`, `t`.`Password`, `t`.`UserName`, `t0`.`UsuarioId`, `t0`.`RolId`, `t0`.`Id`, `t0`.`Nombre`, `r0`.`Id`, `r0`.`Created`, `r0`.`Expires`, `r0`.`Revoked`, `r0`.`Token`, `r0`.`UsuarioId`
FROM (
    SELECT `u`.`Id`, `u`.`ApellidoMaterno`, `u`.`ApellidoPaterno`, `u`.`Email`, `u`.`Nombre`, `u`.`Password`, `u`.`UserName`
    FROM `Usuario` AS `u`
    WHERE LOWER(`u`.`UserName`) = @__ToLower_0
    LIMIT 1
) AS `t`
LEFT JOIN (
    SELECT `u0`.`UsuarioId`, `u0`.`RolId`, `r`.`Id`, `r`.`Nombre`
    FROM `UsuariosRoles` AS `u0`
    INNER JOIN `Rol` AS `r` ON `u0`.`RolId` = `r`.`Id`
) AS `t0` ON `t`.`Id` = `t0`.`UsuarioId`
LEFT JOIN `RefreshToken` AS `r0` ON `t`.`Id` = `r0`.`UsuarioId`
ORDER BY `t`.`Id`, `t0`.`UsuarioId`, `t0`.`RolId`, `t0`.`Id`
][2023-07-17 08:03:19.68 -05:00 INF]Executed action API.Controllers.UsuariosController.GetTokenAsync (API) in 265721.0318ms
][2023-07-17 08:03:19.68 -05:00 INF]Executed endpoint 'API.Controllers.UsuariosController.GetTokenAsync (API)'
][2023-07-17 08:03:19.82 -05:00 ERR]IDX10720: Unable to create KeyedHashAlgorithm for algorithm 'HS256', the key size must be greater than: '256' bits, key has '152' bits. (Parameter 'keyBytes')
System.ArgumentOutOfRangeException: IDX10720: Unable to create KeyedHashAlgorithm for algorithm 'HS256', the key size must be greater than: '256' bits, key has '152' bits. (Parameter 'keyBytes')
   at Microsoft.IdentityModel.Tokens.CryptoProviderFactory.ValidateKeySize(Byte[] keyBytes, String algorithm, Int32 expectedNumberOfBytes)
   at Microsoft.IdentityModel.Tokens.CryptoProviderFactory.CreateKeyedHashAlgorithm(Byte[] keyBytes, String algorithm)
   at Microsoft.IdentityModel.Tokens.SymmetricSignatureProvider.CreateKeyedHashAlgorithm()
   at Microsoft.IdentityModel.Tokens.DisposableObjectPool`1.CreateInstance()
   at Microsoft.IdentityModel.Tokens.DisposableObjectPool`1.Allocate()
   at Microsoft.IdentityModel.Tokens.SymmetricSignatureProvider.GetKeyedHashAlgorithm(Byte[] keyBytes, String algorithm)
   at Microsoft.IdentityModel.Tokens.SymmetricSignatureProvider.Sign(Byte[] input)
   at Microsoft.IdentityModel.JsonWebTokens.JwtTokenUtilities.CreateEncodedSignature(String input, SigningCredentials signingCredentials)
   at System.IdentityModel.Tokens.Jwt.JwtSecurityTokenHandler.WriteToken(SecurityToken token)
   at API.Services.UserService.GetTokenAsync(LoginDTO model) in F:\Proyectos .NET\Proyectos\APIs\Tienda\API\Services\UserService.cs:line 102
   at API.Controllers.UsuariosController.GetTokenAsync(LoginDTO model) in F:\Proyectos .NET\Proyectos\APIs\Tienda\API\Controllers\UsuariosController.cs:line 37
   at Microsoft.AspNetCore.Mvc.Infrastructure.ActionMethodExecutor.TaskOfIActionResultExecutor.Execute(ActionContext actionContext, IActionResultTypeMapper mapper, ObjectMethodExecutor executor, Object controller, Object[] arguments)
   at Microsoft.AspNetCore.Mvc.Infrastructure.ControllerActionInvoker.<InvokeActionMethodAsync>g__Awaited|12_0(ControllerActionInvoker invoker, ValueTask`1 actionResultValueTask)
   at Microsoft.AspNetCore.Mvc.Infrastructure.ControllerActionInvoker.<InvokeNextActionFilterAsync>g__Awaited|10_0(ControllerActionInvoker invoker, Task lastTask, State next, Scope scope, Object state, Boolean isCompleted)
   at Microsoft.AspNetCore.Mvc.Infrastructure.ControllerActionInvoker.Rethrow(ActionExecutedContextSealed context)
   at Microsoft.AspNetCore.Mvc.Infrastructure.ControllerActionInvoker.Next(State& next, Scope& scope, Object& state, Boolean& isCompleted)
   at Microsoft.AspNetCore.Mvc.Infrastructure.ControllerActionInvoker.<InvokeInnerFilterAsync>g__Awaited|13_0(ControllerActionInvoker invoker, Task lastTask, State next, Scope scope, Object state, Boolean isCompleted)
   at Microsoft.AspNetCore.Mvc.Infrastructure.ResourceInvoker.<InvokeFilterPipelineAsync>g__Awaited|20_0(ResourceInvoker invoker, Task lastTask, State next, Scope scope, Object state, Boolean isCompleted)
   at Microsoft.AspNetCore.Mvc.Infrastructure.ResourceInvoker.<InvokeAsync>g__Logged|17_1(ResourceInvoker invoker)
   at Microsoft.AspNetCore.Mvc.Infrastructure.ResourceInvoker.<InvokeAsync>g__Logged|17_1(ResourceInvoker invoker)
   at Microsoft.AspNetCore.Routing.EndpointMiddleware.<Invoke>g__AwaitRequestTask|6_0(Endpoint endpoint, Task requestTask, ILogger logger)
   at Microsoft.AspNetCore.Authorization.AuthorizationMiddleware.Invoke(HttpContext context)
   at Microsoft.AspNetCore.Authentication.AuthenticationMiddleware.Invoke(HttpContext context)
   at Swashbuckle.AspNetCore.SwaggerUI.SwaggerUIMiddleware.Invoke(HttpContext httpContext)
   at Swashbuckle.AspNetCore.Swagger.SwaggerMiddleware.Invoke(HttpContext httpContext, ISwaggerProvider swaggerProvider)
   at AspNetCoreRateLimit.RateLimitMiddleware`1.Invoke(HttpContext context) in C:\Users\User\Documents\Github\AspNetCoreRateLimit\src\AspNetCoreRateLimit\Middleware\RateLimitMiddleware.cs:line 124
   at Microsoft.AspNetCore.Diagnostics.StatusCodePagesMiddleware.Invoke(HttpContext context)
   at API.Helpers.Errors.ExceptionMiddleware.InvokeAsync(HttpContext context) in F:\Proyectos .NET\Proyectos\APIs\Tienda\API\Helpers\Errors\ExceptionMiddleware.cs:line 24
][2023-07-17 08:03:19.84 -05:00 INF]Request finished HTTP/1.1 POST https://localhost:5001/API/Usuarios/token application/json 76 - 500 - application/json 265907.2420ms
][2023-07-17 08:22:18.21 -05:00 INF]Executed DbCommand (16ms) [Parameters=[], CommandType='"Text"', CommandTimeout='30']
SELECT 1 FROM INFORMATION_SCHEMA.TABLES WHERE TABLE_SCHEMA='tiendaBd' AND TABLE_NAME='__EFMigrationsHistory';
][2023-07-17 08:22:18.31 -05:00 INF]Executed DbCommand (2ms) [Parameters=[], CommandType='"Text"', CommandTimeout='30']
SELECT 1 FROM INFORMATION_SCHEMA.TABLES WHERE TABLE_SCHEMA='tiendaBd' AND TABLE_NAME='__EFMigrationsHistory';
][2023-07-17 08:22:18.35 -05:00 INF]Executed DbCommand (7ms) [Parameters=[], CommandType='"Text"', CommandTimeout='30']
SELECT `MigrationId`, `ProductVersion`
FROM `__EFMigrationsHistory`
ORDER BY `MigrationId`;
][2023-07-17 08:22:18.38 -05:00 INF]No migrations were applied. The database is already up to date.
][2023-07-17 08:22:18.65 -05:00 INF]Executed DbCommand (2ms) [Parameters=[], CommandType='"Text"', CommandTimeout='30']
SELECT EXISTS (
    SELECT 1
    FROM `Marca` AS `m`)
][2023-07-17 08:22:18.66 -05:00 INF]Executed DbCommand (1ms) [Parameters=[], CommandType='"Text"', CommandTimeout='30']
SELECT EXISTS (
    SELECT 1
    FROM `Categoria` AS `c`)
][2023-07-17 08:22:18.67 -05:00 INF]Executed DbCommand (1ms) [Parameters=[], CommandType='"Text"', CommandTimeout='30']
SELECT EXISTS (
    SELECT 1
    FROM `Producto` AS `p`)
][2023-07-17 08:22:18.68 -05:00 INF]Executed DbCommand (0ms) [Parameters=[], CommandType='"Text"', CommandTimeout='30']
SELECT EXISTS (
    SELECT 1
    FROM `Rol` AS `r`)
][2023-07-17 08:22:18.95 -05:00 INF]User profile is available. Using 'C:\Users\Wilson\AppData\Local\ASP.NET\DataProtection-Keys' as key repository and Windows DPAPI to encrypt keys at rest.
][2023-07-17 08:22:19.14 -05:00 INF]Now listening on: https://localhost:5001
][2023-07-17 08:22:19.15 -05:00 INF]Now listening on: http://localhost:5000
][2023-07-17 08:22:19.15 -05:00 INF]Application started. Press Ctrl+C to shut down.
][2023-07-17 08:22:19.15 -05:00 INF]Hosting environment: Development
][2023-07-17 08:22:19.16 -05:00 INF]Content root path: F:\Proyectos .NET\Proyectos\APIs\Tienda\API
][2023-07-17 08:22:37.71 -05:00 INF]Request starting HTTP/1.1 POST https://localhost:5001/API/Usuarios/token application/json 76
][2023-07-17 08:22:38.03 -05:00 INF]Bearer was not authenticated. Failure message: No SecurityTokenValidator available for token.
][2023-07-17 08:22:38.03 -05:00 INF]Executing endpoint 'API.Controllers.UsuariosController.GetTokenAsync (API)'
][2023-07-17 08:22:38.06 -05:00 INF]Route matched with {action = "GetToken", controller = "Usuarios"}. Executing controller action with signature System.Threading.Tasks.Task`1[Microsoft.AspNetCore.Mvc.IActionResult] GetTokenAsync(API.Dtos.LoginDTO) on controller API.Controllers.UsuariosController (API).
][2023-07-17 08:22:38.47 -05:00 WRN]Compiling a query which loads related collections for more than one collection navigation, either via 'Include' or through projection, but no 'QuerySplittingBehavior' has been configured. By default, Entity Framework will use 'QuerySplittingBehavior.SingleQuery', which can potentially result in slow query performance. See https://go.microsoft.com/fwlink/?linkid=2134277 for more information. To identify the query that's triggering this warning call 'ConfigureWarnings(w => w.Throw(RelationalEventId.MultipleCollectionIncludeWarning))'.
][2023-07-17 08:22:38.59 -05:00 INF]Executed DbCommand (54ms) [Parameters=[@__ToLower_0='?' (Size = 200)], CommandType='"Text"', CommandTimeout='30']
SELECT `t`.`Id`, `t`.`ApellidoMaterno`, `t`.`ApellidoPaterno`, `t`.`Email`, `t`.`Nombre`, `t`.`Password`, `t`.`UserName`, `t0`.`UsuarioId`, `t0`.`RolId`, `t0`.`Id`, `t0`.`Nombre`, `r0`.`Id`, `r0`.`Created`, `r0`.`Expires`, `r0`.`Revoked`, `r0`.`Token`, `r0`.`UsuarioId`
FROM (
    SELECT `u`.`Id`, `u`.`ApellidoMaterno`, `u`.`ApellidoPaterno`, `u`.`Email`, `u`.`Nombre`, `u`.`Password`, `u`.`UserName`
    FROM `Usuario` AS `u`
    WHERE LOWER(`u`.`UserName`) = @__ToLower_0
    LIMIT 1
) AS `t`
LEFT JOIN (
    SELECT `u0`.`UsuarioId`, `u0`.`RolId`, `r`.`Id`, `r`.`Nombre`
    FROM `UsuariosRoles` AS `u0`
    INNER JOIN `Rol` AS `r` ON `u0`.`RolId` = `r`.`Id`
) AS `t0` ON `t`.`Id` = `t0`.`UsuarioId`
LEFT JOIN `RefreshToken` AS `r0` ON `t`.`Id` = `r0`.`UsuarioId`
ORDER BY `t`.`Id`, `t0`.`UsuarioId`, `t0`.`RolId`, `t0`.`Id`
][2023-07-17 08:22:39.25 -05:00 INF]Executed DbCommand (6ms) [Parameters=[@p0='?' (DbType = DateTime), @p1='?' (DbType = DateTime), @p2='?' (DbType = DateTime), @p3='?' (Size = 4000), @p4='?' (DbType = Int32), @p11='?' (DbType = Int32), @p5='?' (Size = 4000), @p6='?' (Size = 200), @p7='?' (Size = 200), @p8='?' (Size = 200), @p9='?' (Size = 4000), @p10='?' (Size = 200)], CommandType='"Text"', CommandTimeout='30']
INSERT INTO `RefreshToken` (`Created`, `Expires`, `Revoked`, `Token`, `UsuarioId`)
VALUES (@p0, @p1, @p2, @p3, @p4);
SELECT `Id`
FROM `RefreshToken`
WHERE ROW_COUNT() = 1 AND `Id` = LAST_INSERT_ID();

UPDATE `Usuario` SET `ApellidoMaterno` = @p5, `ApellidoPaterno` = @p6, `Email` = @p7, `Nombre` = @p8, `Password` = @p9, `UserName` = @p10
WHERE `Id` = @p11;
SELECT ROW_COUNT();
][2023-07-17 08:22:39.31 -05:00 INF]Executing OkObjectResult, writing value of type 'API.Dtos.DatosUsuarioDto'.
][2023-07-17 08:22:39.36 -05:00 INF]Executed action API.Controllers.UsuariosController.GetTokenAsync (API) in 1287.7892ms
][2023-07-17 08:22:39.37 -05:00 INF]Executed endpoint 'API.Controllers.UsuariosController.GetTokenAsync (API)'
][2023-07-17 08:22:39.38 -05:00 INF]Request finished HTTP/1.1 POST https://localhost:5001/API/Usuarios/token application/json 76 - 200 - application/json;+charset=utf-8 1671.0042ms
][2023-07-17 08:27:44.71 -05:00 INF]Request starting HTTP/1.1 PUT https://localhost:5001/API/Productos/1000 application/json 171
][2023-07-17 08:27:44.84 -05:00 INF]Authorization failed. These requirements were not met:
RolesAuthorizationRequirement:User.IsInRole must be true for one of the following roles: (Administrador)
][2023-07-17 08:27:44.84 -05:00 INF]AuthenticationScheme: Bearer was forbidden.
][2023-07-17 08:27:44.85 -05:00 INF]Executing endpoint 'API.Controllers.ErrorsController.Error (API)'
][2023-07-17 08:27:44.86 -05:00 INF]Route matched with {action = "Error", controller = "Errors"}. Executing controller action with signature Microsoft.AspNetCore.Mvc.ActionResult Error(Int32) on controller API.Controllers.ErrorsController (API).
][2023-07-17 08:27:44.87 -05:00 INF]Executing ObjectResult, writing value of type 'API.Helpers.Errors.ApiResponse'.
][2023-07-17 08:27:44.89 -05:00 INF]Executed action API.Controllers.ErrorsController.Error (API) in 23.1779ms
][2023-07-17 08:27:44.89 -05:00 INF]Executed endpoint 'API.Controllers.ErrorsController.Error (API)'
][2023-07-17 08:27:44.90 -05:00 INF]Request finished HTTP/1.1 PUT https://localhost:5001/API/Productos/1000 application/json 171 - 403 - application/json;+charset=utf-8 187.0552ms
][2023-07-17 08:27:54.22 -05:00 INF]Request starting HTTP/1.1 GET https://localhost:5001/API/productos - -
][2023-07-17 08:27:54.23 -05:00 INF]Authorization failed. These requirements were not met:
RolesAuthorizationRequirement:User.IsInRole must be true for one of the following roles: (Administrador)
][2023-07-17 08:27:54.23 -05:00 INF]AuthenticationScheme: Bearer was forbidden.
][2023-07-17 08:27:54.24 -05:00 INF]Executing endpoint 'API.Controllers.ErrorsController.Error (API)'
][2023-07-17 08:27:54.24 -05:00 INF]Route matched with {action = "Error", controller = "Errors"}. Executing controller action with signature Microsoft.AspNetCore.Mvc.ActionResult Error(Int32) on controller API.Controllers.ErrorsController (API).
][2023-07-17 08:27:54.24 -05:00 INF]Executing ObjectResult, writing value of type 'API.Helpers.Errors.ApiResponse'.
][2023-07-17 08:27:54.25 -05:00 INF]Executed action API.Controllers.ErrorsController.Error (API) in 3.8105ms
][2023-07-17 08:27:54.25 -05:00 INF]Executed endpoint 'API.Controllers.ErrorsController.Error (API)'
][2023-07-17 08:27:54.25 -05:00 INF]Request finished HTTP/1.1 GET https://localhost:5001/API/productos - - - 403 - application/json;+charset=utf-8 36.2093ms
][2023-07-17 08:28:02.38 -05:00 INF]Request starting HTTP/1.1 GET https://localhost:5001/API/productos - -
][2023-07-17 08:28:02.39 -05:00 INF]Authorization failed. These requirements were not met:
RolesAuthorizationRequirement:User.IsInRole must be true for one of the following roles: (Administrador)
][2023-07-17 08:28:02.39 -05:00 INF]AuthenticationScheme: Bearer was forbidden.
][2023-07-17 08:28:02.39 -05:00 INF]Executing endpoint 'API.Controllers.ErrorsController.Error (API)'
][2023-07-17 08:28:02.39 -05:00 INF]Route matched with {action = "Error", controller = "Errors"}. Executing controller action with signature Microsoft.AspNetCore.Mvc.ActionResult Error(Int32) on controller API.Controllers.ErrorsController (API).
][2023-07-17 08:28:02.40 -05:00 INF]Executing ObjectResult, writing value of type 'API.Helpers.Errors.ApiResponse'.
][2023-07-17 08:28:02.40 -05:00 INF]Executed action API.Controllers.ErrorsController.Error (API) in 3.2894ms
][2023-07-17 08:28:02.40 -05:00 INF]Executed endpoint 'API.Controllers.ErrorsController.Error (API)'
][2023-07-17 08:28:02.40 -05:00 INF]Request finished HTTP/1.1 GET https://localhost:5001/API/productos - - - 403 - application/json;+charset=utf-8 22.8934ms
][2023-07-17 08:28:45.52 -05:00 INF]Executed DbCommand (17ms) [Parameters=[], CommandType='"Text"', CommandTimeout='30']
SELECT 1 FROM INFORMATION_SCHEMA.TABLES WHERE TABLE_SCHEMA='tiendaBd' AND TABLE_NAME='__EFMigrationsHistory';
][2023-07-17 08:28:45.61 -05:00 INF]Executed DbCommand (2ms) [Parameters=[], CommandType='"Text"', CommandTimeout='30']
SELECT 1 FROM INFORMATION_SCHEMA.TABLES WHERE TABLE_SCHEMA='tiendaBd' AND TABLE_NAME='__EFMigrationsHistory';
][2023-07-17 08:28:45.66 -05:00 INF]Executed DbCommand (8ms) [Parameters=[], CommandType='"Text"', CommandTimeout='30']
SELECT `MigrationId`, `ProductVersion`
FROM `__EFMigrationsHistory`
ORDER BY `MigrationId`;
][2023-07-17 08:28:45.69 -05:00 INF]No migrations were applied. The database is already up to date.
][2023-07-17 08:28:45.98 -05:00 INF]Executed DbCommand (2ms) [Parameters=[], CommandType='"Text"', CommandTimeout='30']
SELECT EXISTS (
    SELECT 1
    FROM `Marca` AS `m`)
][2023-07-17 08:28:45.99 -05:00 INF]Executed DbCommand (0ms) [Parameters=[], CommandType='"Text"', CommandTimeout='30']
SELECT EXISTS (
    SELECT 1
    FROM `Categoria` AS `c`)
][2023-07-17 08:28:46.00 -05:00 INF]Executed DbCommand (0ms) [Parameters=[], CommandType='"Text"', CommandTimeout='30']
SELECT EXISTS (
    SELECT 1
    FROM `Producto` AS `p`)
][2023-07-17 08:28:46.01 -05:00 INF]Executed DbCommand (1ms) [Parameters=[], CommandType='"Text"', CommandTimeout='30']
SELECT EXISTS (
    SELECT 1
    FROM `Rol` AS `r`)
][2023-07-17 08:28:46.38 -05:00 INF]User profile is available. Using 'C:\Users\Wilson\AppData\Local\ASP.NET\DataProtection-Keys' as key repository and Windows DPAPI to encrypt keys at rest.
][2023-07-17 08:28:46.57 -05:00 INF]Now listening on: https://localhost:5001
][2023-07-17 08:28:46.57 -05:00 INF]Now listening on: http://localhost:5000
][2023-07-17 08:28:46.58 -05:00 INF]Application started. Press Ctrl+C to shut down.
][2023-07-17 08:28:46.58 -05:00 INF]Hosting environment: Development
][2023-07-17 08:28:46.58 -05:00 INF]Content root path: F:\Proyectos .NET\Proyectos\APIs\Tienda\API
][2023-07-17 08:28:56.73 -05:00 INF]Request starting HTTP/1.1 GET https://localhost:5001/API/productos/25 - -
][2023-07-17 08:28:57.26 -05:00 INF]Authorization failed. These requirements were not met:
RolesAuthorizationRequirement:User.IsInRole must be true for one of the following roles: (Administrador)
][2023-07-17 08:28:57.27 -05:00 INF]AuthenticationScheme: Bearer was forbidden.
][2023-07-17 08:28:57.28 -05:00 INF]Executing endpoint 'API.Controllers.ErrorsController.Error (API)'
][2023-07-17 08:28:57.31 -05:00 INF]Route matched with {action = "Error", controller = "Errors"}. Executing controller action with signature Microsoft.AspNetCore.Mvc.ActionResult Error(Int32) on controller API.Controllers.ErrorsController (API).
][2023-07-17 08:28:57.34 -05:00 INF]Executing ObjectResult, writing value of type 'API.Helpers.Errors.ApiResponse'.
][2023-07-17 08:28:57.40 -05:00 INF]Executed action API.Controllers.ErrorsController.Error (API) in 81.085ms
][2023-07-17 08:28:57.40 -05:00 INF]Executed endpoint 'API.Controllers.ErrorsController.Error (API)'
][2023-07-17 08:28:57.40 -05:00 INF]Request finished HTTP/1.1 GET https://localhost:5001/API/productos/25 - - - 403 - application/json;+charset=utf-8 676.0007ms
][2023-07-17 08:29:25.19 -05:00 INF]Request starting HTTP/1.1 GET https://localhost:5001/API/productos - -
][2023-07-17 08:29:25.24 -05:00 INF]Authorization failed. These requirements were not met:
RolesAuthorizationRequirement:User.IsInRole must be true for one of the following roles: (Administrador)
][2023-07-17 08:29:25.25 -05:00 INF]AuthenticationScheme: Bearer was forbidden.
][2023-07-17 08:29:25.25 -05:00 INF]Executing endpoint 'API.Controllers.ErrorsController.Error (API)'
][2023-07-17 08:29:25.26 -05:00 INF]Route matched with {action = "Error", controller = "Errors"}. Executing controller action with signature Microsoft.AspNetCore.Mvc.ActionResult Error(Int32) on controller API.Controllers.ErrorsController (API).
][2023-07-17 08:29:25.27 -05:00 INF]Executing ObjectResult, writing value of type 'API.Helpers.Errors.ApiResponse'.
][2023-07-17 08:29:25.27 -05:00 INF]Executed action API.Controllers.ErrorsController.Error (API) in 6.5979ms
][2023-07-17 08:29:25.28 -05:00 INF]Executed endpoint 'API.Controllers.ErrorsController.Error (API)'
][2023-07-17 08:29:25.28 -05:00 INF]Request finished HTTP/1.1 GET https://localhost:5001/API/productos - - - 403 - application/json;+charset=utf-8 86.4553ms
][2023-07-17 08:29:29.35 -05:00 INF]Request starting HTTP/1.1 POST https://localhost:5001/API/Usuarios/token application/json 76
][2023-07-17 08:29:29.36 -05:00 INF]Executing endpoint 'API.Controllers.UsuariosController.GetTokenAsync (API)'
][2023-07-17 08:29:29.37 -05:00 INF]Route matched with {action = "GetToken", controller = "Usuarios"}. Executing controller action with signature System.Threading.Tasks.Task`1[Microsoft.AspNetCore.Mvc.IActionResult] GetTokenAsync(API.Dtos.LoginDTO) on controller API.Controllers.UsuariosController (API).
][2023-07-17 08:29:29.71 -05:00 WRN]Compiling a query which loads related collections for more than one collection navigation, either via 'Include' or through projection, but no 'QuerySplittingBehavior' has been configured. By default, Entity Framework will use 'QuerySplittingBehavior.SingleQuery', which can potentially result in slow query performance. See https://go.microsoft.com/fwlink/?linkid=2134277 for more information. To identify the query that's triggering this warning call 'ConfigureWarnings(w => w.Throw(RelationalEventId.MultipleCollectionIncludeWarning))'.
][2023-07-17 08:29:29.82 -05:00 INF]Executed DbCommand (49ms) [Parameters=[@__ToLower_0='?' (Size = 200)], CommandType='"Text"', CommandTimeout='30']
SELECT `t`.`Id`, `t`.`ApellidoMaterno`, `t`.`ApellidoPaterno`, `t`.`Email`, `t`.`Nombre`, `t`.`Password`, `t`.`UserName`, `t0`.`UsuarioId`, `t0`.`RolId`, `t0`.`Id`, `t0`.`Nombre`, `r0`.`Id`, `r0`.`Created`, `r0`.`Expires`, `r0`.`Revoked`, `r0`.`Token`, `r0`.`UsuarioId`
FROM (
    SELECT `u`.`Id`, `u`.`ApellidoMaterno`, `u`.`ApellidoPaterno`, `u`.`Email`, `u`.`Nombre`, `u`.`Password`, `u`.`UserName`
    FROM `Usuario` AS `u`
    WHERE LOWER(`u`.`UserName`) = @__ToLower_0
    LIMIT 1
) AS `t`
LEFT JOIN (
    SELECT `u0`.`UsuarioId`, `u0`.`RolId`, `r`.`Id`, `r`.`Nombre`
    FROM `UsuariosRoles` AS `u0`
    INNER JOIN `Rol` AS `r` ON `u0`.`RolId` = `r`.`Id`
) AS `t0` ON `t`.`Id` = `t0`.`UsuarioId`
LEFT JOIN `RefreshToken` AS `r0` ON `t`.`Id` = `r0`.`UsuarioId`
ORDER BY `t`.`Id`, `t0`.`UsuarioId`, `t0`.`RolId`, `t0`.`Id`
][2023-07-17 08:29:30.13 -05:00 INF]Executing OkObjectResult, writing value of type 'API.Dtos.DatosUsuarioDto'.
][2023-07-17 08:29:30.16 -05:00 INF]Executed action API.Controllers.UsuariosController.GetTokenAsync (API) in 791.9752ms
][2023-07-17 08:29:30.17 -05:00 INF]Executed endpoint 'API.Controllers.UsuariosController.GetTokenAsync (API)'
][2023-07-17 08:29:30.17 -05:00 INF]Request finished HTTP/1.1 POST https://localhost:5001/API/Usuarios/token application/json 76 - 200 - application/json;+charset=utf-8 825.3266ms
][2023-07-17 08:29:36.64 -05:00 INF]Request starting HTTP/1.1 GET https://localhost:5001/API/productos - -
][2023-07-17 08:29:36.65 -05:00 INF]Authorization failed. These requirements were not met:
RolesAuthorizationRequirement:User.IsInRole must be true for one of the following roles: (Administrador)
][2023-07-17 08:29:36.65 -05:00 INF]AuthenticationScheme: Bearer was forbidden.
][2023-07-17 08:29:36.65 -05:00 INF]Executing endpoint 'API.Controllers.ErrorsController.Error (API)'
][2023-07-17 08:29:36.65 -05:00 INF]Route matched with {action = "Error", controller = "Errors"}. Executing controller action with signature Microsoft.AspNetCore.Mvc.ActionResult Error(Int32) on controller API.Controllers.ErrorsController (API).
][2023-07-17 08:29:36.66 -05:00 INF]Executing ObjectResult, writing value of type 'API.Helpers.Errors.ApiResponse'.
][2023-07-17 08:29:36.66 -05:00 INF]Executed action API.Controllers.ErrorsController.Error (API) in 2.3084ms
][2023-07-17 08:29:36.66 -05:00 INF]Executed endpoint 'API.Controllers.ErrorsController.Error (API)'
][2023-07-17 08:29:36.66 -05:00 INF]Request finished HTTP/1.1 GET https://localhost:5001/API/productos - - - 403 - application/json;+charset=utf-8 20.2310ms
][2023-07-17 08:31:04.11 -05:00 INF]Executed DbCommand (17ms) [Parameters=[], CommandType='"Text"', CommandTimeout='30']
SELECT 1 FROM INFORMATION_SCHEMA.TABLES WHERE TABLE_SCHEMA='tiendaBd' AND TABLE_NAME='__EFMigrationsHistory';
][2023-07-17 08:31:04.21 -05:00 INF]Executed DbCommand (2ms) [Parameters=[], CommandType='"Text"', CommandTimeout='30']
SELECT 1 FROM INFORMATION_SCHEMA.TABLES WHERE TABLE_SCHEMA='tiendaBd' AND TABLE_NAME='__EFMigrationsHistory';
][2023-07-17 08:31:04.26 -05:00 INF]Executed DbCommand (8ms) [Parameters=[], CommandType='"Text"', CommandTimeout='30']
SELECT `MigrationId`, `ProductVersion`
FROM `__EFMigrationsHistory`
ORDER BY `MigrationId`;
][2023-07-17 08:31:04.29 -05:00 INF]No migrations were applied. The database is already up to date.
][2023-07-17 08:31:04.82 -05:00 INF]Executed DbCommand (1ms) [Parameters=[], CommandType='"Text"', CommandTimeout='30']
SELECT EXISTS (
    SELECT 1
    FROM `Marca` AS `m`)
][2023-07-17 08:31:04.83 -05:00 INF]Executed DbCommand (1ms) [Parameters=[], CommandType='"Text"', CommandTimeout='30']
SELECT EXISTS (
    SELECT 1
    FROM `Categoria` AS `c`)
][2023-07-17 08:31:04.84 -05:00 INF]Executed DbCommand (1ms) [Parameters=[], CommandType='"Text"', CommandTimeout='30']
SELECT EXISTS (
    SELECT 1
    FROM `Producto` AS `p`)
][2023-07-17 08:31:04.85 -05:00 INF]Executed DbCommand (1ms) [Parameters=[], CommandType='"Text"', CommandTimeout='30']
SELECT EXISTS (
    SELECT 1
    FROM `Rol` AS `r`)
][2023-07-17 08:31:05.14 -05:00 INF]User profile is available. Using 'C:\Users\Wilson\AppData\Local\ASP.NET\DataProtection-Keys' as key repository and Windows DPAPI to encrypt keys at rest.
][2023-07-17 08:31:05.36 -05:00 INF]Now listening on: https://localhost:5001
][2023-07-17 08:31:05.36 -05:00 INF]Now listening on: http://localhost:5000
][2023-07-17 08:31:05.37 -05:00 INF]Application started. Press Ctrl+C to shut down.
][2023-07-17 08:31:05.37 -05:00 INF]Hosting environment: Development
][2023-07-17 08:31:05.37 -05:00 INF]Content root path: F:\Proyectos .NET\Proyectos\APIs\Tienda\API
][2023-07-17 08:31:55.53 -05:00 INF]Request starting HTTP/1.1 GET https://localhost:5001/API/1.0 - -
][2023-07-17 08:31:57.18 -05:00 INF]Executing endpoint 'API.Controllers.ErrorsController.Error (API)'
][2023-07-17 08:31:57.20 -05:00 INF]Route matched with {action = "Error", controller = "Errors"}. Executing controller action with signature Microsoft.AspNetCore.Mvc.ActionResult Error(Int32) on controller API.Controllers.ErrorsController (API).
][2023-07-17 08:31:57.23 -05:00 INF]Executing ObjectResult, writing value of type 'API.Helpers.Errors.ApiResponse'.
][2023-07-17 08:31:57.28 -05:00 INF]Executed action API.Controllers.ErrorsController.Error (API) in 71.1282ms
][2023-07-17 08:31:57.29 -05:00 INF]Executed endpoint 'API.Controllers.ErrorsController.Error (API)'
][2023-07-17 08:31:57.29 -05:00 INF]Request finished HTTP/1.1 GET https://localhost:5001/API/1.0 - - - 404 - application/json;+charset=utf-8 1766.1319ms
][2023-07-17 08:32:03.96 -05:00 INF]Request starting HTTP/1.1 GET https://localhost:5001/API/get - -
][2023-07-17 08:32:03.97 -05:00 INF]Executing endpoint 'API.Controllers.ErrorsController.Error (API)'
][2023-07-17 08:32:03.98 -05:00 INF]Route matched with {action = "Error", controller = "Errors"}. Executing controller action with signature Microsoft.AspNetCore.Mvc.ActionResult Error(Int32) on controller API.Controllers.ErrorsController (API).
][2023-07-17 08:32:03.98 -05:00 INF]Executing ObjectResult, writing value of type 'API.Helpers.Errors.ApiResponse'.
][2023-07-17 08:32:03.99 -05:00 INF]Executed action API.Controllers.ErrorsController.Error (API) in 5.5781ms
][2023-07-17 08:32:03.99 -05:00 INF]Executed endpoint 'API.Controllers.ErrorsController.Error (API)'
][2023-07-17 08:32:03.99 -05:00 INF]Request finished HTTP/1.1 GET https://localhost:5001/API/get - - - 404 - application/json;+charset=utf-8 27.0194ms
][2023-07-17 08:32:12.00 -05:00 INF]Request starting HTTP/1.1 GET https://localhost:5001/API/productos?pageindex=1&pagesize=10&search=yamaha - -
][2023-07-17 08:32:12.02 -05:00 INF]Authorization failed. These requirements were not met:
RolesAuthorizationRequirement:User.IsInRole must be true for one of the following roles: (Administrador)
][2023-07-17 08:32:12.03 -05:00 INF]AuthenticationScheme: Bearer was forbidden.
][2023-07-17 08:32:12.03 -05:00 INF]Executing endpoint 'API.Controllers.ErrorsController.Error (API)'
][2023-07-17 08:32:12.04 -05:00 INF]Route matched with {action = "Error", controller = "Errors"}. Executing controller action with signature Microsoft.AspNetCore.Mvc.ActionResult Error(Int32) on controller API.Controllers.ErrorsController (API).
][2023-07-17 08:32:12.04 -05:00 INF]Executing ObjectResult, writing value of type 'API.Helpers.Errors.ApiResponse'.
][2023-07-17 08:32:12.05 -05:00 INF]Executed action API.Controllers.ErrorsController.Error (API) in 4.097ms
][2023-07-17 08:32:12.05 -05:00 INF]Executed endpoint 'API.Controllers.ErrorsController.Error (API)'
][2023-07-17 08:32:12.06 -05:00 INF]Request finished HTTP/1.1 GET https://localhost:5001/API/productos?pageindex=1&pagesize=10&search=yamaha - - - 403 - application/json;+charset=utf-8 55.8927ms
][2023-07-17 08:32:30.27 -05:00 INF]Request starting HTTP/1.1 GET https://localhost:5001/API/get - -
][2023-07-17 08:32:30.27 -05:00 INF]Executing endpoint 'API.Controllers.ErrorsController.Error (API)'
][2023-07-17 08:32:30.28 -05:00 INF]Route matched with {action = "Error", controller = "Errors"}. Executing controller action with signature Microsoft.AspNetCore.Mvc.ActionResult Error(Int32) on controller API.Controllers.ErrorsController (API).
][2023-07-17 08:32:30.28 -05:00 INF]Executing ObjectResult, writing value of type 'API.Helpers.Errors.ApiResponse'.
][2023-07-17 08:32:30.28 -05:00 INF]Executed action API.Controllers.ErrorsController.Error (API) in 2.2366ms
][2023-07-17 08:32:30.28 -05:00 INF]Executed endpoint 'API.Controllers.ErrorsController.Error (API)'
][2023-07-17 08:32:30.29 -05:00 INF]Request finished HTTP/1.1 GET https://localhost:5001/API/get - - - 404 - application/json;+charset=utf-8 14.5908ms
][2023-07-17 08:32:40.15 -05:00 INF]Request starting HTTP/1.1 GET https://localhost:5001/API/productos - -
][2023-07-17 08:32:40.16 -05:00 INF]Authorization failed. These requirements were not met:
RolesAuthorizationRequirement:User.IsInRole must be true for one of the following roles: (Administrador)
][2023-07-17 08:32:40.16 -05:00 INF]AuthenticationScheme: Bearer was forbidden.
][2023-07-17 08:32:40.16 -05:00 INF]Executing endpoint 'API.Controllers.ErrorsController.Error (API)'
][2023-07-17 08:32:40.17 -05:00 INF]Route matched with {action = "Error", controller = "Errors"}. Executing controller action with signature Microsoft.AspNetCore.Mvc.ActionResult Error(Int32) on controller API.Controllers.ErrorsController (API).
][2023-07-17 08:32:40.17 -05:00 INF]Executing ObjectResult, writing value of type 'API.Helpers.Errors.ApiResponse'.
][2023-07-17 08:32:40.17 -05:00 INF]Executed action API.Controllers.ErrorsController.Error (API) in 2.8201ms
][2023-07-17 08:32:40.17 -05:00 INF]Executed endpoint 'API.Controllers.ErrorsController.Error (API)'
][2023-07-17 08:32:40.18 -05:00 INF]Request finished HTTP/1.1 GET https://localhost:5001/API/productos - - - 403 - application/json;+charset=utf-8 21.8156ms
][2023-07-17 08:33:00.51 -05:00 INF]Request starting HTTP/1.1 POST https://localhost:5001/API/usuarios/addrole application/json 107
][2023-07-17 08:33:00.52 -05:00 INF]Executing endpoint 'API.Controllers.UsuariosController.AddRoleAsync (API)'
][2023-07-17 08:33:00.54 -05:00 INF]Route matched with {action = "AddRole", controller = "Usuarios"}. Executing controller action with signature System.Threading.Tasks.Task`1[Microsoft.AspNetCore.Mvc.IActionResult] AddRoleAsync(API.Dtos.AddRoleDto) on controller API.Controllers.UsuariosController (API).
][2023-07-17 08:33:00.92 -05:00 WRN]Compiling a query which loads related collections for more than one collection navigation, either via 'Include' or through projection, but no 'QuerySplittingBehavior' has been configured. By default, Entity Framework will use 'QuerySplittingBehavior.SingleQuery', which can potentially result in slow query performance. See https://go.microsoft.com/fwlink/?linkid=2134277 for more information. To identify the query that's triggering this warning call 'ConfigureWarnings(w => w.Throw(RelationalEventId.MultipleCollectionIncludeWarning))'.
][2023-07-17 08:33:01.04 -05:00 INF]Executed DbCommand (54ms) [Parameters=[@__ToLower_0='?' (Size = 200)], CommandType='"Text"', CommandTimeout='30']
SELECT `t`.`Id`, `t`.`ApellidoMaterno`, `t`.`ApellidoPaterno`, `t`.`Email`, `t`.`Nombre`, `t`.`Password`, `t`.`UserName`, `t0`.`UsuarioId`, `t0`.`RolId`, `t0`.`Id`, `t0`.`Nombre`, `r0`.`Id`, `r0`.`Created`, `r0`.`Expires`, `r0`.`Revoked`, `r0`.`Token`, `r0`.`UsuarioId`
FROM (
    SELECT `u`.`Id`, `u`.`ApellidoMaterno`, `u`.`ApellidoPaterno`, `u`.`Email`, `u`.`Nombre`, `u`.`Password`, `u`.`UserName`
    FROM `Usuario` AS `u`
    WHERE LOWER(`u`.`UserName`) = @__ToLower_0
    LIMIT 1
) AS `t`
LEFT JOIN (
    SELECT `u0`.`UsuarioId`, `u0`.`RolId`, `r`.`Id`, `r`.`Nombre`
    FROM `UsuariosRoles` AS `u0`
    INNER JOIN `Rol` AS `r` ON `u0`.`RolId` = `r`.`Id`
) AS `t0` ON `t`.`Id` = `t0`.`UsuarioId`
LEFT JOIN `RefreshToken` AS `r0` ON `t`.`Id` = `r0`.`UsuarioId`
ORDER BY `t`.`Id`, `t0`.`UsuarioId`, `t0`.`RolId`, `t0`.`Id`
][2023-07-17 08:33:01.36 -05:00 INF]Executed DbCommand (1ms) [Parameters=[@__ToLower_0='?' (Size = 200)], CommandType='"Text"', CommandTimeout='30']
SELECT `r`.`Id`, `r`.`Nombre`
FROM `Rol` AS `r`
WHERE LOWER(`r`.`Nombre`) = @__ToLower_0
][2023-07-17 08:33:01.67 -05:00 INF]Executed DbCommand (3ms) [Parameters=[@p6='?' (DbType = Int32), @p0='?' (Size = 4000), @p1='?' (Size = 200), @p2='?' (Size = 200), @p3='?' (Size = 200), @p4='?' (Size = 4000), @p5='?' (Size = 200), @p7='?' (DbType = Int32), @p8='?' (DbType = Int32)], CommandType='"Text"', CommandTimeout='30']
UPDATE `Usuario` SET `ApellidoMaterno` = @p0, `ApellidoPaterno` = @p1, `Email` = @p2, `Nombre` = @p3, `Password` = @p4, `UserName` = @p5
WHERE `Id` = @p6;
SELECT ROW_COUNT();

INSERT INTO `UsuariosRoles` (`RolId`, `UsuarioId`)
VALUES (@p7, @p8);
][2023-07-17 08:33:01.70 -05:00 INF]Executing OkObjectResult, writing value of type 'System.String'.
][2023-07-17 08:33:01.71 -05:00 INF]Executed action API.Controllers.UsuariosController.AddRoleAsync (API) in 1164.9097ms
][2023-07-17 08:33:01.72 -05:00 INF]Executed endpoint 'API.Controllers.UsuariosController.AddRoleAsync (API)'
][2023-07-17 08:33:01.73 -05:00 INF]Request finished HTTP/1.1 POST https://localhost:5001/API/usuarios/addrole application/json 107 - 200 - text/plain;+charset=utf-8 1212.2182ms
][2023-07-17 08:33:08.37 -05:00 INF]Request starting HTTP/1.1 GET https://localhost:5001/API/productos?pageindex=1&pagesize=10&search=yamaha - -
][2023-07-17 08:33:08.38 -05:00 INF]Authorization failed. These requirements were not met:
RolesAuthorizationRequirement:User.IsInRole must be true for one of the following roles: (Administrador)
][2023-07-17 08:33:08.38 -05:00 INF]AuthenticationScheme: Bearer was forbidden.
][2023-07-17 08:33:08.39 -05:00 INF]Executing endpoint 'API.Controllers.ErrorsController.Error (API)'
][2023-07-17 08:33:08.39 -05:00 INF]Route matched with {action = "Error", controller = "Errors"}. Executing controller action with signature Microsoft.AspNetCore.Mvc.ActionResult Error(Int32) on controller API.Controllers.ErrorsController (API).
][2023-07-17 08:33:08.39 -05:00 INF]Executing ObjectResult, writing value of type 'API.Helpers.Errors.ApiResponse'.
][2023-07-17 08:33:08.40 -05:00 INF]Executed action API.Controllers.ErrorsController.Error (API) in 5.5375ms
][2023-07-17 08:33:08.40 -05:00 INF]Executed endpoint 'API.Controllers.ErrorsController.Error (API)'
][2023-07-17 08:33:08.41 -05:00 INF]Request finished HTTP/1.1 GET https://localhost:5001/API/productos?pageindex=1&pagesize=10&search=yamaha - - - 403 - application/json;+charset=utf-8 34.3926ms
][2023-07-17 08:33:12.66 -05:00 INF]Request starting HTTP/1.1 POST https://localhost:5001/API/Usuarios/token application/json 76
][2023-07-17 08:33:12.67 -05:00 INF]Executing endpoint 'API.Controllers.UsuariosController.GetTokenAsync (API)'
][2023-07-17 08:33:12.68 -05:00 INF]Route matched with {action = "GetToken", controller = "Usuarios"}. Executing controller action with signature System.Threading.Tasks.Task`1[Microsoft.AspNetCore.Mvc.IActionResult] GetTokenAsync(API.Dtos.LoginDTO) on controller API.Controllers.UsuariosController (API).
][2023-07-17 08:33:12.78 -05:00 INF]Executed DbCommand (3ms) [Parameters=[@__ToLower_0='?' (Size = 200)], CommandType='"Text"', CommandTimeout='30']
SELECT `t`.`Id`, `t`.`ApellidoMaterno`, `t`.`ApellidoPaterno`, `t`.`Email`, `t`.`Nombre`, `t`.`Password`, `t`.`UserName`, `t0`.`UsuarioId`, `t0`.`RolId`, `t0`.`Id`, `t0`.`Nombre`, `r0`.`Id`, `r0`.`Created`, `r0`.`Expires`, `r0`.`Revoked`, `r0`.`Token`, `r0`.`UsuarioId`
FROM (
    SELECT `u`.`Id`, `u`.`ApellidoMaterno`, `u`.`ApellidoPaterno`, `u`.`Email`, `u`.`Nombre`, `u`.`Password`, `u`.`UserName`
    FROM `Usuario` AS `u`
    WHERE LOWER(`u`.`UserName`) = @__ToLower_0
    LIMIT 1
) AS `t`
LEFT JOIN (
    SELECT `u0`.`UsuarioId`, `u0`.`RolId`, `r`.`Id`, `r`.`Nombre`
    FROM `UsuariosRoles` AS `u0`
    INNER JOIN `Rol` AS `r` ON `u0`.`RolId` = `r`.`Id`
) AS `t0` ON `t`.`Id` = `t0`.`UsuarioId`
LEFT JOIN `RefreshToken` AS `r0` ON `t`.`Id` = `r0`.`UsuarioId`
ORDER BY `t`.`Id`, `t0`.`UsuarioId`, `t0`.`RolId`, `t0`.`Id`
][2023-07-17 08:33:12.94 -05:00 INF]Executing OkObjectResult, writing value of type 'API.Dtos.DatosUsuarioDto'.
][2023-07-17 08:33:12.98 -05:00 INF]Executed action API.Controllers.UsuariosController.GetTokenAsync (API) in 292.1482ms
][2023-07-17 08:33:12.98 -05:00 INF]Executed endpoint 'API.Controllers.UsuariosController.GetTokenAsync (API)'
][2023-07-17 08:33:12.99 -05:00 INF]Request finished HTTP/1.1 POST https://localhost:5001/API/Usuarios/token application/json 76 - 200 - application/json;+charset=utf-8 325.6157ms
][2023-07-17 08:33:18.83 -05:00 INF]Request starting HTTP/1.1 GET https://localhost:5001/API/productos - -
][2023-07-17 08:33:18.84 -05:00 INF]Executing endpoint 'API.Controllers.ProductosController.Get (API)'
][2023-07-17 08:33:18.95 -05:00 INF]Route matched with {action = "Get", controller = "Productos"}. Executing controller action with signature System.Threading.Tasks.Task`1[Microsoft.AspNetCore.Mvc.ActionResult`1[API.Helpers.Pager`1[API.Dtos.ProductoListDTO]]] Get(API.Helpers.Params) on controller API.Controllers.ProductosController (API).
][2023-07-17 08:33:19.12 -05:00 INF]Ejecutando productos
][2023-07-17 08:33:19.16 -05:00 INF]Executed DbCommand (5ms) [Parameters=[], CommandType='"Text"', CommandTimeout='30']
SELECT COUNT(*)
FROM `Producto` AS `p`
][2023-07-17 08:33:19.19 -05:00 WRN]The query uses a row limiting operator ('Skip'/'Take') without an 'OrderBy' operator. This may lead to unpredictable results. If the 'Distinct' operator is used after 'OrderBy', then make sure to use the 'OrderBy' operator after 'Distinct' as the ordering would otherwise get erased.
][2023-07-17 08:33:19.19 -05:00 WRN]The query uses a row limiting operator ('Skip'/'Take') without an 'OrderBy' operator. This may lead to unpredictable results. If the 'Distinct' operator is used after 'OrderBy', then make sure to use the 'OrderBy' operator after 'Distinct' as the ordering would otherwise get erased.
][2023-07-17 08:33:19.21 -05:00 INF]Executed DbCommand (3ms) [Parameters=[@__p_1='?' (DbType = Int32), @__p_0='?' (DbType = Int32)], CommandType='"Text"', CommandTimeout='30']
SELECT `t`.`Id`, `t`.`CategoriaId`, `t`.`FechaCreacion`, `t`.`MarcaId`, `t`.`Nombre`, `t`.`Precio`, `m`.`Id`, `m`.`Nombre`, `c`.`Id`, `c`.`Nombre`
FROM (
    SELECT `p`.`Id`, `p`.`CategoriaId`, `p`.`FechaCreacion`, `p`.`MarcaId`, `p`.`Nombre`, `p`.`Precio`
    FROM `Producto` AS `p`
    LIMIT @__p_1 OFFSET @__p_0
) AS `t`
INNER JOIN `Marca` AS `m` ON `t`.`MarcaId` = `m`.`Id`
INNER JOIN `Categoria` AS `c` ON `t`.`CategoriaId` = `c`.`Id`
][2023-07-17 08:33:19.28 -05:00 INF]Executing ObjectResult, writing value of type 'API.Helpers.Pager`1[[API.Dtos.ProductoListDTO, API, Version=1.0.0.0, Culture=neutral, PublicKeyToken=null]]'.
][2023-07-17 08:33:19.30 -05:00 INF]Executed action API.Controllers.ProductosController.Get (API) in 345.7386ms
][2023-07-17 08:33:19.30 -05:00 INF]Executed endpoint 'API.Controllers.ProductosController.Get (API)'
][2023-07-17 08:33:19.30 -05:00 INF]Request finished HTTP/1.1 GET https://localhost:5001/API/productos - - - 200 - application/json;+charset=utf-8 469.5676ms
][2023-07-17 08:38:55.62 -05:00 INF]Executed DbCommand (18ms) [Parameters=[], CommandType='"Text"', CommandTimeout='30']
SELECT 1 FROM INFORMATION_SCHEMA.TABLES WHERE TABLE_SCHEMA='tiendaBd' AND TABLE_NAME='__EFMigrationsHistory';
][2023-07-17 08:38:55.72 -05:00 INF]Executed DbCommand (2ms) [Parameters=[], CommandType='"Text"', CommandTimeout='30']
SELECT 1 FROM INFORMATION_SCHEMA.TABLES WHERE TABLE_SCHEMA='tiendaBd' AND TABLE_NAME='__EFMigrationsHistory';
][2023-07-17 08:38:55.77 -05:00 INF]Executed DbCommand (8ms) [Parameters=[], CommandType='"Text"', CommandTimeout='30']
SELECT `MigrationId`, `ProductVersion`
FROM `__EFMigrationsHistory`
ORDER BY `MigrationId`;
][2023-07-17 08:38:55.80 -05:00 INF]No migrations were applied. The database is already up to date.
][2023-07-17 08:38:56.09 -05:00 INF]Executed DbCommand (2ms) [Parameters=[], CommandType='"Text"', CommandTimeout='30']
SELECT EXISTS (
    SELECT 1
    FROM `Marca` AS `m`)
][2023-07-17 08:38:56.10 -05:00 INF]Executed DbCommand (1ms) [Parameters=[], CommandType='"Text"', CommandTimeout='30']
SELECT EXISTS (
    SELECT 1
    FROM `Categoria` AS `c`)
][2023-07-17 08:38:56.11 -05:00 INF]Executed DbCommand (0ms) [Parameters=[], CommandType='"Text"', CommandTimeout='30']
SELECT EXISTS (
    SELECT 1
    FROM `Producto` AS `p`)
][2023-07-17 08:38:56.12 -05:00 INF]Executed DbCommand (1ms) [Parameters=[], CommandType='"Text"', CommandTimeout='30']
SELECT EXISTS (
    SELECT 1
    FROM `Rol` AS `r`)
][2023-07-17 08:38:56.42 -05:00 INF]User profile is available. Using 'C:\Users\Wilson\AppData\Local\ASP.NET\DataProtection-Keys' as key repository and Windows DPAPI to encrypt keys at rest.
][2023-07-17 08:38:56.71 -05:00 INF]Now listening on: https://localhost:5001
][2023-07-17 08:38:56.71 -05:00 INF]Now listening on: http://localhost:5000
][2023-07-17 08:38:56.71 -05:00 INF]Application started. Press Ctrl+C to shut down.
][2023-07-17 08:38:56.71 -05:00 INF]Hosting environment: Development
][2023-07-17 08:38:56.72 -05:00 INF]Content root path: F:\Proyectos .NET\Proyectos\APIs\Tienda\API
]