[2023-02-01 08:17:07.13 -05:00 INF]Entity Framework Core 6.0.10 initialized 'TiendaContext' using provider 'Pomelo.EntityFrameworkCore.MySql:6.0.2' with options: ServerVersion 8.0.28-mysql 
][2023-02-01 08:17:07.65 -05:00 INF]Executed DbCommand (55ms) [Parameters=[], CommandType='"Text"', CommandTimeout='30']
SELECT 1 FROM INFORMATION_SCHEMA.TABLES WHERE TABLE_SCHEMA='tiendaBd' AND TABLE_NAME='__EFMigrationsHistory';
][2023-02-01 08:17:07.68 -05:00 INF]Executed DbCommand (0ms) [Parameters=[], CommandType='"Text"', CommandTimeout='30']
SELECT 1 FROM INFORMATION_SCHEMA.TABLES WHERE TABLE_SCHEMA='tiendaBd' AND TABLE_NAME='__EFMigrationsHistory';
][2023-02-01 08:17:07.81 -05:00 INF]Executed DbCommand (102ms) [Parameters=[], CommandType='"Text"', CommandTimeout='30']
SELECT `MigrationId`, `ProductVersion`
FROM `__EFMigrationsHistory`
ORDER BY `MigrationId`;
][2023-02-01 08:17:07.84 -05:00 INF]No migrations were applied. The database is already up to date.
][2023-02-01 08:17:08.49 -05:00 INF]Executed DbCommand (14ms) [Parameters=[], CommandType='"Text"', CommandTimeout='30']
SELECT EXISTS (
    SELECT 1
    FROM `Marca` AS `m`)
][2023-02-01 08:17:08.50 -05:00 INF]Executed DbCommand (9ms) [Parameters=[], CommandType='"Text"', CommandTimeout='30']
SELECT EXISTS (
    SELECT 1
    FROM `Categoria` AS `c`)
][2023-02-01 08:17:08.51 -05:00 INF]Executed DbCommand (9ms) [Parameters=[], CommandType='"Text"', CommandTimeout='30']
SELECT EXISTS (
    SELECT 1
    FROM `Producto` AS `p`)
][2023-02-01 08:17:08.53 -05:00 INF]Executed DbCommand (10ms) [Parameters=[], CommandType='"Text"', CommandTimeout='30']
SELECT EXISTS (
    SELECT 1
    FROM `Rol` AS `r`)
][2023-02-01 08:17:08.72 -05:00 INF]User profile is available. Using 'C:\Users\Wilson\AppData\Local\ASP.NET\DataProtection-Keys' as key repository and Windows DPAPI to encrypt keys at rest.
][2023-02-01 08:17:09.04 -05:00 INF]Now listening on: https://localhost:5001
][2023-02-01 08:17:09.04 -05:00 INF]Now listening on: http://localhost:5000
][2023-02-01 08:17:09.04 -05:00 INF]Application started. Press Ctrl+C to shut down.
][2023-02-01 08:17:09.04 -05:00 INF]Hosting environment: Development
][2023-02-01 08:17:09.04 -05:00 INF]Content root path: F:\Proyectos .NET\Proyectos\Tienda\API\
][2023-02-01 08:17:13.21 -05:00 INF]Request starting HTTP/1.1 POST https://localhost:5001/API/Usuarios/token application/json 76
][2023-02-01 08:17:14.64 -05:00 INF]Failed to validate the token.
Microsoft.IdentityModel.Tokens.SecurityTokenExpiredException: IDX10223: Lifetime validation failed. The token is expired. ValidTo: '31/01/2023 1:25:29', Current time: '01/02/2023 1:17:14'.
   at Microsoft.IdentityModel.Tokens.Validators.ValidateLifetime(Nullable`1 notBefore, Nullable`1 expires, SecurityToken securityToken, TokenValidationParameters validationParameters)
   at System.IdentityModel.Tokens.Jwt.JwtSecurityTokenHandler.ValidateLifetime(Nullable`1 notBefore, Nullable`1 expires, JwtSecurityToken jwtToken, TokenValidationParameters validationParameters)
   at System.IdentityModel.Tokens.Jwt.JwtSecurityTokenHandler.ValidateTokenPayload(JwtSecurityToken jwtToken, TokenValidationParameters validationParameters, BaseConfiguration configuration)
   at System.IdentityModel.Tokens.Jwt.JwtSecurityTokenHandler.ValidateJWS(String token, TokenValidationParameters validationParameters, BaseConfiguration currentConfiguration, SecurityToken& signatureValidatedToken, ExceptionDispatchInfo& exceptionThrown)
--- End of stack trace from previous location ---
   at System.IdentityModel.Tokens.Jwt.JwtSecurityTokenHandler.ValidateToken(String token, JwtSecurityToken outerToken, TokenValidationParameters validationParameters, SecurityToken& signatureValidatedToken)
   at System.IdentityModel.Tokens.Jwt.JwtSecurityTokenHandler.ValidateToken(String token, TokenValidationParameters validationParameters, SecurityToken& validatedToken)
   at Microsoft.AspNetCore.Authentication.JwtBearer.JwtBearerHandler.HandleAuthenticateAsync()
][2023-02-01 08:17:14.71 -05:00 INF]Bearer was not authenticated. Failure message: IDX10223: Lifetime validation failed. The token is expired. ValidTo: '31/01/2023 1:25:29', Current time: '01/02/2023 1:17:14'.
][2023-02-01 08:17:14.71 -05:00 INF]Executing endpoint 'API.Controllers.UsuariosController.GetTokenAsync (API)'
][2023-02-01 08:17:14.74 -05:00 INF]Route matched with {action = "GetToken", controller = "Usuarios"}. Executing controller action with signature System.Threading.Tasks.Task`1[Microsoft.AspNetCore.Mvc.IActionResult] GetTokenAsync(API.Dtos.LoginDTO) on controller API.Controllers.UsuariosController (API).
][2023-02-01 08:17:14.80 -05:00 INF]Entity Framework Core 6.0.10 initialized 'TiendaContext' using provider 'Pomelo.EntityFrameworkCore.MySql:6.0.2' with options: ServerVersion 8.0.28-mysql 
][2023-02-01 08:17:15.09 -05:00 WRN]Compiling a query which loads related collections for more than one collection navigation, either via 'Include' or through projection, but no 'QuerySplittingBehavior' has been configured. By default, Entity Framework will use 'QuerySplittingBehavior.SingleQuery', which can potentially result in slow query performance. See https://go.microsoft.com/fwlink/?linkid=2134277 for more information. To identify the query that's triggering this warning call 'ConfigureWarnings(w => w.Throw(RelationalEventId.MultipleCollectionIncludeWarning))'.
][2023-02-01 08:17:15.28 -05:00 INF]Executed DbCommand (109ms) [Parameters=[@__ToLower_0='?' (Size = 200)], CommandType='"Text"', CommandTimeout='30']
SELECT `t`.`Id`, `t`.`ApellidoMaterno`, `t`.`ApellidoPaterno`, `t`.`Email`, `t`.`Nombre`, `t`.`Password`, `t`.`UserName`, `t0`.`UsuarioId`, `t0`.`RolId`, `t0`.`Id`, `t0`.`Nombre`, `r0`.`Id`, `r0`.`Created`, `r0`.`Expires`, `r0`.`Revoked`, `r0`.`Token`, `r0`.`UsuarioId`
FROM (
    SELECT `u`.`Id`, `u`.`ApellidoMaterno`, `u`.`ApellidoPaterno`, `u`.`Email`, `u`.`Nombre`, `u`.`Password`, `u`.`UserName`
    FROM `Usuario` AS `u`
    WHERE LOWER(`u`.`UserName`) = @__ToLower_0
    LIMIT 1
) AS `t`
LEFT JOIN (
    SELECT `u0`.`UsuarioId`, `u0`.`RolId`, `r`.`Id`, `r`.`Nombre`
    FROM `UsuariosRoles` AS `u0`
    INNER JOIN `Rol` AS `r` ON `u0`.`RolId` = `r`.`Id`
) AS `t0` ON `t`.`Id` = `t0`.`UsuarioId`
LEFT JOIN `RefreshToken` AS `r0` ON `t`.`Id` = `r0`.`UsuarioId`
ORDER BY `t`.`Id`, `t0`.`UsuarioId`, `t0`.`RolId`, `t0`.`Id`
][2023-02-01 08:17:15.46 -05:00 INF]Executing OkObjectResult, writing value of type 'API.Dtos.DatosUsuarioDto'.
][2023-02-01 08:17:15.49 -05:00 INF]Executed action API.Controllers.UsuariosController.GetTokenAsync (API) in 741.8351ms
][2023-02-01 08:17:15.49 -05:00 INF]Executed endpoint 'API.Controllers.UsuariosController.GetTokenAsync (API)'
][2023-02-01 08:17:15.50 -05:00 INF]Request finished HTTP/1.1 POST https://localhost:5001/API/Usuarios/token application/json 76 - 200 - application/json;+charset=utf-8 2289.2746ms
][2023-02-01 08:17:47.72 -05:00 INF]Request starting HTTP/1.1 POST https://localhost:5001/API/Productos application/json 115
][2023-02-01 08:17:47.75 -05:00 INF]Executing endpoint 'API.Controllers.ProductosController.Post (API)'
][2023-02-01 08:17:47.75 -05:00 INF]Route matched with {action = "Post", controller = "Productos"}. Executing controller action with signature System.Threading.Tasks.Task`1[Microsoft.AspNetCore.Mvc.ActionResult`1[CORE.Entities.Producto]] Post(API.Dtos.ProductoAddUpdateDTO) on controller API.Controllers.ProductosController (API).
][2023-02-01 08:17:47.92 -05:00 INF]Ejecutando productos
][2023-02-01 08:17:48.02 -05:00 INF]Entity Framework Core 6.0.10 initialized 'TiendaContext' using provider 'Pomelo.EntityFrameworkCore.MySql:6.0.2' with options: ServerVersion 8.0.28-mysql 
][2023-02-01 08:17:48.24 -05:00 ERR]Failed executing DbCommand (17ms) [Parameters=[@p0='?' (DbType = Int32), @p1='?' (DbType = DateTime), @p2='?' (DbType = Int32), @p3='?' (Size = 4000), @p4='?' (DbType = Decimal)], CommandType='"Text"', CommandTimeout='30']
INSERT INTO `Producto` (`CategoriaId`, `FechaCreacion`, `MarcaId`, `Nombre`, `Precio`)
VALUES (@p0, @p1, @p2, @p3, @p4);
SELECT `Id`
FROM `Producto`
WHERE ROW_COUNT() = 1 AND `Id` = LAST_INSERT_ID();
][2023-02-01 08:17:48.46 -05:00 ERR]An exception occurred in the database while saving changes for context type 'Infrastructure.Data.TiendaContext'.
Microsoft.EntityFrameworkCore.DbUpdateException: An error occurred while saving the entity changes. See the inner exception for details.
 ---> MySqlConnector.MySqlException (0x80004005): Column 'Nombre' cannot be null
   at MySqlConnector.Core.ServerSession.ReceiveReplyAsyncAwaited(ValueTask`1 task) in /_/src/MySqlConnector/Core/ServerSession.cs:line 954
   at MySqlConnector.Core.ResultSet.ReadResultSetHeaderAsync(IOBehavior ioBehavior) in /_/src/MySqlConnector/Core/ResultSet.cs:line 44
   at MySqlConnector.MySqlDataReader.ActivateResultSet(CancellationToken cancellationToken) in /_/src/MySqlConnector/MySqlDataReader.cs:line 127
   at MySqlConnector.MySqlDataReader.CreateAsync(CommandListPosition commandListPosition, ICommandPayloadCreator payloadCreator, IDictionary`2 cachedProcedures, IMySqlCommand command, CommandBehavior behavior, Activity activity, IOBehavior ioBehavior, CancellationToken cancellationToken) in /_/src/MySqlConnector/MySqlDataReader.cs:line 456
   at MySqlConnector.Core.CommandExecutor.ExecuteReaderAsync(IReadOnlyList`1 commands, ICommandPayloadCreator payloadCreator, CommandBehavior behavior, Activity activity, IOBehavior ioBehavior, CancellationToken cancellationToken) in /_/src/MySqlConnector/Core/CommandExecutor.cs:line 56
   at MySqlConnector.MySqlCommand.ExecuteReaderAsync(CommandBehavior behavior, IOBehavior ioBehavior, CancellationToken cancellationToken) in /_/src/MySqlConnector/MySqlCommand.cs:line 330
   at MySqlConnector.MySqlCommand.ExecuteDbDataReaderAsync(CommandBehavior behavior, CancellationToken cancellationToken) in /_/src/MySqlConnector/MySqlCommand.cs:line 323
   at Microsoft.EntityFrameworkCore.Storage.RelationalCommand.ExecuteReaderAsync(RelationalCommandParameterObject parameterObject, CancellationToken cancellationToken)
   at Microsoft.EntityFrameworkCore.Storage.RelationalCommand.ExecuteReaderAsync(RelationalCommandParameterObject parameterObject, CancellationToken cancellationToken)
   at Microsoft.EntityFrameworkCore.Update.ReaderModificationCommandBatch.ExecuteAsync(IRelationalConnection connection, CancellationToken cancellationToken)
   --- End of inner exception stack trace ---
   at Microsoft.EntityFrameworkCore.Update.ReaderModificationCommandBatch.ExecuteAsync(IRelationalConnection connection, CancellationToken cancellationToken)
   at Microsoft.EntityFrameworkCore.Update.Internal.BatchExecutor.ExecuteAsync(IEnumerable`1 commandBatches, IRelationalConnection connection, CancellationToken cancellationToken)
   at Microsoft.EntityFrameworkCore.Update.Internal.BatchExecutor.ExecuteAsync(IEnumerable`1 commandBatches, IRelationalConnection connection, CancellationToken cancellationToken)
   at Microsoft.EntityFrameworkCore.Update.Internal.BatchExecutor.ExecuteAsync(IEnumerable`1 commandBatches, IRelationalConnection connection, CancellationToken cancellationToken)
   at Microsoft.EntityFrameworkCore.ChangeTracking.Internal.StateManager.SaveChangesAsync(IList`1 entriesToSave, CancellationToken cancellationToken)
   at Microsoft.EntityFrameworkCore.ChangeTracking.Internal.StateManager.SaveChangesAsync(StateManager stateManager, Boolean acceptAllChangesOnSuccess, CancellationToken cancellationToken)
   at Pomelo.EntityFrameworkCore.MySql.Storage.Internal.MySqlExecutionStrategy.ExecuteAsync[TState,TResult](TState state, Func`4 operation, Func`4 verifySucceeded, CancellationToken cancellationToken)
   at Microsoft.EntityFrameworkCore.DbContext.SaveChangesAsync(Boolean acceptAllChangesOnSuccess, CancellationToken cancellationToken)
Microsoft.EntityFrameworkCore.DbUpdateException: An error occurred while saving the entity changes. See the inner exception for details.
 ---> MySqlConnector.MySqlException (0x80004005): Column 'Nombre' cannot be null
   at MySqlConnector.Core.ServerSession.ReceiveReplyAsyncAwaited(ValueTask`1 task) in /_/src/MySqlConnector/Core/ServerSession.cs:line 954
   at MySqlConnector.Core.ResultSet.ReadResultSetHeaderAsync(IOBehavior ioBehavior) in /_/src/MySqlConnector/Core/ResultSet.cs:line 44
   at MySqlConnector.MySqlDataReader.ActivateResultSet(CancellationToken cancellationToken) in /_/src/MySqlConnector/MySqlDataReader.cs:line 127
   at MySqlConnector.MySqlDataReader.CreateAsync(CommandListPosition commandListPosition, ICommandPayloadCreator payloadCreator, IDictionary`2 cachedProcedures, IMySqlCommand command, CommandBehavior behavior, Activity activity, IOBehavior ioBehavior, CancellationToken cancellationToken) in /_/src/MySqlConnector/MySqlDataReader.cs:line 456
   at MySqlConnector.Core.CommandExecutor.ExecuteReaderAsync(IReadOnlyList`1 commands, ICommandPayloadCreator payloadCreator, CommandBehavior behavior, Activity activity, IOBehavior ioBehavior, CancellationToken cancellationToken) in /_/src/MySqlConnector/Core/CommandExecutor.cs:line 56
   at MySqlConnector.MySqlCommand.ExecuteReaderAsync(CommandBehavior behavior, IOBehavior ioBehavior, CancellationToken cancellationToken) in /_/src/MySqlConnector/MySqlCommand.cs:line 330
   at MySqlConnector.MySqlCommand.ExecuteDbDataReaderAsync(CommandBehavior behavior, CancellationToken cancellationToken) in /_/src/MySqlConnector/MySqlCommand.cs:line 323
   at Microsoft.EntityFrameworkCore.Storage.RelationalCommand.ExecuteReaderAsync(RelationalCommandParameterObject parameterObject, CancellationToken cancellationToken)
   at Microsoft.EntityFrameworkCore.Storage.RelationalCommand.ExecuteReaderAsync(RelationalCommandParameterObject parameterObject, CancellationToken cancellationToken)
   at Microsoft.EntityFrameworkCore.Update.ReaderModificationCommandBatch.ExecuteAsync(IRelationalConnection connection, CancellationToken cancellationToken)
   --- End of inner exception stack trace ---
   at Microsoft.EntityFrameworkCore.Update.ReaderModificationCommandBatch.ExecuteAsync(IRelationalConnection connection, CancellationToken cancellationToken)
   at Microsoft.EntityFrameworkCore.Update.Internal.BatchExecutor.ExecuteAsync(IEnumerable`1 commandBatches, IRelationalConnection connection, CancellationToken cancellationToken)
   at Microsoft.EntityFrameworkCore.Update.Internal.BatchExecutor.ExecuteAsync(IEnumerable`1 commandBatches, IRelationalConnection connection, CancellationToken cancellationToken)
   at Microsoft.EntityFrameworkCore.Update.Internal.BatchExecutor.ExecuteAsync(IEnumerable`1 commandBatches, IRelationalConnection connection, CancellationToken cancellationToken)
   at Microsoft.EntityFrameworkCore.ChangeTracking.Internal.StateManager.SaveChangesAsync(IList`1 entriesToSave, CancellationToken cancellationToken)
   at Microsoft.EntityFrameworkCore.ChangeTracking.Internal.StateManager.SaveChangesAsync(StateManager stateManager, Boolean acceptAllChangesOnSuccess, CancellationToken cancellationToken)
   at Pomelo.EntityFrameworkCore.MySql.Storage.Internal.MySqlExecutionStrategy.ExecuteAsync[TState,TResult](TState state, Func`4 operation, Func`4 verifySucceeded, CancellationToken cancellationToken)
   at Microsoft.EntityFrameworkCore.DbContext.SaveChangesAsync(Boolean acceptAllChangesOnSuccess, CancellationToken cancellationToken)
][2023-02-01 08:17:48.47 -05:00 INF]Executed action API.Controllers.ProductosController.Post (API) in 716.8556ms
][2023-02-01 08:17:48.47 -05:00 INF]Executed endpoint 'API.Controllers.ProductosController.Post (API)'
][2023-02-01 08:17:48.48 -05:00 ERR]An unhandled exception has occurred while executing the request.
Microsoft.EntityFrameworkCore.DbUpdateException: An error occurred while saving the entity changes. See the inner exception for details.
 ---> MySqlConnector.MySqlException (0x80004005): Column 'Nombre' cannot be null
   at MySqlConnector.Core.ServerSession.ReceiveReplyAsyncAwaited(ValueTask`1 task) in /_/src/MySqlConnector/Core/ServerSession.cs:line 954
   at MySqlConnector.Core.ResultSet.ReadResultSetHeaderAsync(IOBehavior ioBehavior) in /_/src/MySqlConnector/Core/ResultSet.cs:line 44
   at MySqlConnector.MySqlDataReader.ActivateResultSet(CancellationToken cancellationToken) in /_/src/MySqlConnector/MySqlDataReader.cs:line 127
   at MySqlConnector.MySqlDataReader.CreateAsync(CommandListPosition commandListPosition, ICommandPayloadCreator payloadCreator, IDictionary`2 cachedProcedures, IMySqlCommand command, CommandBehavior behavior, Activity activity, IOBehavior ioBehavior, CancellationToken cancellationToken) in /_/src/MySqlConnector/MySqlDataReader.cs:line 456
   at MySqlConnector.Core.CommandExecutor.ExecuteReaderAsync(IReadOnlyList`1 commands, ICommandPayloadCreator payloadCreator, CommandBehavior behavior, Activity activity, IOBehavior ioBehavior, CancellationToken cancellationToken) in /_/src/MySqlConnector/Core/CommandExecutor.cs:line 56
   at MySqlConnector.MySqlCommand.ExecuteReaderAsync(CommandBehavior behavior, IOBehavior ioBehavior, CancellationToken cancellationToken) in /_/src/MySqlConnector/MySqlCommand.cs:line 330
   at MySqlConnector.MySqlCommand.ExecuteDbDataReaderAsync(CommandBehavior behavior, CancellationToken cancellationToken) in /_/src/MySqlConnector/MySqlCommand.cs:line 323
   at Microsoft.EntityFrameworkCore.Storage.RelationalCommand.ExecuteReaderAsync(RelationalCommandParameterObject parameterObject, CancellationToken cancellationToken)
   at Microsoft.EntityFrameworkCore.Storage.RelationalCommand.ExecuteReaderAsync(RelationalCommandParameterObject parameterObject, CancellationToken cancellationToken)
   at Microsoft.EntityFrameworkCore.Update.ReaderModificationCommandBatch.ExecuteAsync(IRelationalConnection connection, CancellationToken cancellationToken)
   --- End of inner exception stack trace ---
   at Microsoft.EntityFrameworkCore.Update.ReaderModificationCommandBatch.ExecuteAsync(IRelationalConnection connection, CancellationToken cancellationToken)
   at Microsoft.EntityFrameworkCore.Update.Internal.BatchExecutor.ExecuteAsync(IEnumerable`1 commandBatches, IRelationalConnection connection, CancellationToken cancellationToken)
   at Microsoft.EntityFrameworkCore.Update.Internal.BatchExecutor.ExecuteAsync(IEnumerable`1 commandBatches, IRelationalConnection connection, CancellationToken cancellationToken)
   at Microsoft.EntityFrameworkCore.Update.Internal.BatchExecutor.ExecuteAsync(IEnumerable`1 commandBatches, IRelationalConnection connection, CancellationToken cancellationToken)
   at Microsoft.EntityFrameworkCore.ChangeTracking.Internal.StateManager.SaveChangesAsync(IList`1 entriesToSave, CancellationToken cancellationToken)
   at Microsoft.EntityFrameworkCore.ChangeTracking.Internal.StateManager.SaveChangesAsync(StateManager stateManager, Boolean acceptAllChangesOnSuccess, CancellationToken cancellationToken)
   at Pomelo.EntityFrameworkCore.MySql.Storage.Internal.MySqlExecutionStrategy.ExecuteAsync[TState,TResult](TState state, Func`4 operation, Func`4 verifySucceeded, CancellationToken cancellationToken)
   at Microsoft.EntityFrameworkCore.DbContext.SaveChangesAsync(Boolean acceptAllChangesOnSuccess, CancellationToken cancellationToken)
   at Microsoft.EntityFrameworkCore.DbContext.SaveChangesAsync(Boolean acceptAllChangesOnSuccess, CancellationToken cancellationToken)
   at Infrastructure.UnitOfWork.UnitOfWork.SaveAsync() in F:\Proyectos .NET\Proyectos\Tienda\Infrastructure\UnitOfWork\UnitOfWork.cs:line 86
   at API.Controllers.ProductosController.Post(ProductoAddUpdateDTO productoDTO) in F:\Proyectos .NET\Proyectos\Tienda\API\Controllers\ProductosController.cs:line 100
   at lambda_method174(Closure , Object )
   at Microsoft.AspNetCore.Mvc.Infrastructure.ActionMethodExecutor.AwaitableObjectResultExecutor.Execute(IActionResultTypeMapper mapper, ObjectMethodExecutor executor, Object controller, Object[] arguments)
   at Microsoft.AspNetCore.Mvc.Infrastructure.ControllerActionInvoker.<InvokeActionMethodAsync>g__Awaited|12_0(ControllerActionInvoker invoker, ValueTask`1 actionResultValueTask)
   at Microsoft.AspNetCore.Mvc.Infrastructure.ControllerActionInvoker.<InvokeNextActionFilterAsync>g__Awaited|10_0(ControllerActionInvoker invoker, Task lastTask, State next, Scope scope, Object state, Boolean isCompleted)
   at Microsoft.AspNetCore.Mvc.Infrastructure.ControllerActionInvoker.Rethrow(ActionExecutedContextSealed context)
   at Microsoft.AspNetCore.Mvc.Infrastructure.ControllerActionInvoker.Next(State& next, Scope& scope, Object& state, Boolean& isCompleted)
   at Microsoft.AspNetCore.Mvc.Infrastructure.ControllerActionInvoker.<InvokeInnerFilterAsync>g__Awaited|13_0(ControllerActionInvoker invoker, Task lastTask, State next, Scope scope, Object state, Boolean isCompleted)
   at Microsoft.AspNetCore.Mvc.Infrastructure.ResourceInvoker.<InvokeFilterPipelineAsync>g__Awaited|20_0(ResourceInvoker invoker, Task lastTask, State next, Scope scope, Object state, Boolean isCompleted)
   at Microsoft.AspNetCore.Mvc.Infrastructure.ResourceInvoker.<InvokeAsync>g__Logged|17_1(ResourceInvoker invoker)
   at Microsoft.AspNetCore.Mvc.Infrastructure.ResourceInvoker.<InvokeAsync>g__Logged|17_1(ResourceInvoker invoker)
   at Microsoft.AspNetCore.Routing.EndpointMiddleware.<Invoke>g__AwaitRequestTask|6_0(Endpoint endpoint, Task requestTask, ILogger logger)
   at Microsoft.AspNetCore.Authorization.Policy.AuthorizationMiddlewareResultHandler.HandleAsync(RequestDelegate next, HttpContext context, AuthorizationPolicy policy, PolicyAuthorizationResult authorizeResult)
   at Microsoft.AspNetCore.Authorization.AuthorizationMiddleware.Invoke(HttpContext context)
   at Microsoft.AspNetCore.Authentication.AuthenticationMiddleware.Invoke(HttpContext context)
   at Swashbuckle.AspNetCore.SwaggerUI.SwaggerUIMiddleware.Invoke(HttpContext httpContext)
   at Swashbuckle.AspNetCore.Swagger.SwaggerMiddleware.Invoke(HttpContext httpContext, ISwaggerProvider swaggerProvider)
   at AspNetCoreRateLimit.RateLimitMiddleware`1.Invoke(HttpContext context) in C:\Users\User\Documents\Github\AspNetCoreRateLimit\src\AspNetCoreRateLimit\Middleware\RateLimitMiddleware.cs:line 124
   at Microsoft.AspNetCore.Diagnostics.DeveloperExceptionPageMiddleware.Invoke(HttpContext context)
][2023-02-01 08:17:48.68 -05:00 INF]Request finished HTTP/1.1 POST https://localhost:5001/API/Productos application/json 115 - 500 - text/plain;+charset=utf-8 955.8310ms
][2023-02-01 08:18:59.62 -05:00 INF]Entity Framework Core 6.0.10 initialized 'TiendaContext' using provider 'Pomelo.EntityFrameworkCore.MySql:6.0.2' with options: ServerVersion 8.0.28-mysql 
][2023-02-01 08:19:00.00 -05:00 INF]Executed DbCommand (21ms) [Parameters=[], CommandType='"Text"', CommandTimeout='30']
SELECT 1 FROM INFORMATION_SCHEMA.TABLES WHERE TABLE_SCHEMA='tiendaBd' AND TABLE_NAME='__EFMigrationsHistory';
][2023-02-01 08:19:00.02 -05:00 INF]Executed DbCommand (0ms) [Parameters=[], CommandType='"Text"', CommandTimeout='30']
SELECT 1 FROM INFORMATION_SCHEMA.TABLES WHERE TABLE_SCHEMA='tiendaBd' AND TABLE_NAME='__EFMigrationsHistory';
][2023-02-01 08:19:00.05 -05:00 INF]Executed DbCommand (4ms) [Parameters=[], CommandType='"Text"', CommandTimeout='30']
SELECT `MigrationId`, `ProductVersion`
FROM `__EFMigrationsHistory`
ORDER BY `MigrationId`;
][2023-02-01 08:19:00.08 -05:00 INF]No migrations were applied. The database is already up to date.
][2023-02-01 08:19:00.38 -05:00 INF]Executed DbCommand (1ms) [Parameters=[], CommandType='"Text"', CommandTimeout='30']
SELECT EXISTS (
    SELECT 1
    FROM `Marca` AS `m`)
][2023-02-01 08:19:00.38 -05:00 INF]Executed DbCommand (0ms) [Parameters=[], CommandType='"Text"', CommandTimeout='30']
SELECT EXISTS (
    SELECT 1
    FROM `Categoria` AS `c`)
][2023-02-01 08:19:00.38 -05:00 INF]Executed DbCommand (0ms) [Parameters=[], CommandType='"Text"', CommandTimeout='30']
SELECT EXISTS (
    SELECT 1
    FROM `Producto` AS `p`)
][2023-02-01 08:19:00.39 -05:00 INF]Executed DbCommand (0ms) [Parameters=[], CommandType='"Text"', CommandTimeout='30']
SELECT EXISTS (
    SELECT 1
    FROM `Rol` AS `r`)
][2023-02-01 08:19:00.54 -05:00 INF]User profile is available. Using 'C:\Users\Wilson\AppData\Local\ASP.NET\DataProtection-Keys' as key repository and Windows DPAPI to encrypt keys at rest.
][2023-02-01 08:19:00.68 -05:00 INF]Now listening on: https://localhost:5001
][2023-02-01 08:19:00.68 -05:00 INF]Now listening on: http://localhost:5000
][2023-02-01 08:19:00.68 -05:00 INF]Application started. Press Ctrl+C to shut down.
][2023-02-01 08:19:00.68 -05:00 INF]Hosting environment: Development
][2023-02-01 08:19:00.68 -05:00 INF]Content root path: F:\Proyectos .NET\Proyectos\Tienda\API\
][2023-02-01 08:19:20.90 -05:00 INF]Request starting HTTP/1.1 POST https://localhost:5001/API/Productos application/json 115
][2023-02-01 08:19:21.25 -05:00 INF]Failed to validate the token.
Microsoft.IdentityModel.Tokens.SecurityTokenExpiredException: IDX10223: Lifetime validation failed. The token is expired. ValidTo: '01/02/2023 1:18:15', Current time: '01/02/2023 1:19:21'.
   at Microsoft.IdentityModel.Tokens.Validators.ValidateLifetime(Nullable`1 notBefore, Nullable`1 expires, SecurityToken securityToken, TokenValidationParameters validationParameters)
   at System.IdentityModel.Tokens.Jwt.JwtSecurityTokenHandler.ValidateLifetime(Nullable`1 notBefore, Nullable`1 expires, JwtSecurityToken jwtToken, TokenValidationParameters validationParameters)
   at System.IdentityModel.Tokens.Jwt.JwtSecurityTokenHandler.ValidateTokenPayload(JwtSecurityToken jwtToken, TokenValidationParameters validationParameters, BaseConfiguration configuration)
   at System.IdentityModel.Tokens.Jwt.JwtSecurityTokenHandler.ValidateJWS(String token, TokenValidationParameters validationParameters, BaseConfiguration currentConfiguration, SecurityToken& signatureValidatedToken, ExceptionDispatchInfo& exceptionThrown)
--- End of stack trace from previous location ---
   at System.IdentityModel.Tokens.Jwt.JwtSecurityTokenHandler.ValidateToken(String token, JwtSecurityToken outerToken, TokenValidationParameters validationParameters, SecurityToken& signatureValidatedToken)
   at System.IdentityModel.Tokens.Jwt.JwtSecurityTokenHandler.ValidateToken(String token, TokenValidationParameters validationParameters, SecurityToken& validatedToken)
   at Microsoft.AspNetCore.Authentication.JwtBearer.JwtBearerHandler.HandleAuthenticateAsync()
][2023-02-01 08:19:21.27 -05:00 INF]Bearer was not authenticated. Failure message: IDX10223: Lifetime validation failed. The token is expired. ValidTo: '01/02/2023 1:18:15', Current time: '01/02/2023 1:19:21'.
][2023-02-01 08:19:21.28 -05:00 INF]Authorization failed. These requirements were not met:
RolesAuthorizationRequirement:User.IsInRole must be true for one of the following roles: (Administrador)
][2023-02-01 08:19:21.29 -05:00 INF]AuthenticationScheme: Bearer was challenged.
][2023-02-01 08:19:21.29 -05:00 INF]Request finished HTTP/1.1 POST https://localhost:5001/API/Productos application/json 115 - 401 0 - 394.4791ms
][2023-02-01 08:19:26.44 -05:00 INF]Request starting HTTP/1.1 POST https://localhost:5001/API/Usuarios/token application/json 76
][2023-02-01 08:19:26.44 -05:00 INF]Failed to validate the token.
Microsoft.IdentityModel.Tokens.SecurityTokenExpiredException: IDX10223: Lifetime validation failed. The token is expired. ValidTo: '01/02/2023 1:18:15', Current time: '01/02/2023 1:19:26'.
   at Microsoft.IdentityModel.Tokens.Validators.ValidateLifetime(Nullable`1 notBefore, Nullable`1 expires, SecurityToken securityToken, TokenValidationParameters validationParameters)
   at System.IdentityModel.Tokens.Jwt.JwtSecurityTokenHandler.ValidateLifetime(Nullable`1 notBefore, Nullable`1 expires, JwtSecurityToken jwtToken, TokenValidationParameters validationParameters)
   at System.IdentityModel.Tokens.Jwt.JwtSecurityTokenHandler.ValidateTokenPayload(JwtSecurityToken jwtToken, TokenValidationParameters validationParameters, BaseConfiguration configuration)
   at System.IdentityModel.Tokens.Jwt.JwtSecurityTokenHandler.ValidateJWS(String token, TokenValidationParameters validationParameters, BaseConfiguration currentConfiguration, SecurityToken& signatureValidatedToken, ExceptionDispatchInfo& exceptionThrown)
--- End of stack trace from previous location ---
   at System.IdentityModel.Tokens.Jwt.JwtSecurityTokenHandler.ValidateToken(String token, JwtSecurityToken outerToken, TokenValidationParameters validationParameters, SecurityToken& signatureValidatedToken)
   at System.IdentityModel.Tokens.Jwt.JwtSecurityTokenHandler.ValidateToken(String token, TokenValidationParameters validationParameters, SecurityToken& validatedToken)
   at Microsoft.AspNetCore.Authentication.JwtBearer.JwtBearerHandler.HandleAuthenticateAsync()
][2023-02-01 08:19:26.44 -05:00 INF]Bearer was not authenticated. Failure message: IDX10223: Lifetime validation failed. The token is expired. ValidTo: '01/02/2023 1:18:15', Current time: '01/02/2023 1:19:26'.
][2023-02-01 08:19:26.45 -05:00 INF]Executing endpoint 'API.Controllers.UsuariosController.GetTokenAsync (API)'
][2023-02-01 08:19:26.48 -05:00 INF]Route matched with {action = "GetToken", controller = "Usuarios"}. Executing controller action with signature System.Threading.Tasks.Task`1[Microsoft.AspNetCore.Mvc.IActionResult] GetTokenAsync(API.Dtos.LoginDTO) on controller API.Controllers.UsuariosController (API).
][2023-02-01 08:19:26.58 -05:00 INF]Entity Framework Core 6.0.10 initialized 'TiendaContext' using provider 'Pomelo.EntityFrameworkCore.MySql:6.0.2' with options: ServerVersion 8.0.28-mysql 
][2023-02-01 08:19:26.86 -05:00 WRN]Compiling a query which loads related collections for more than one collection navigation, either via 'Include' or through projection, but no 'QuerySplittingBehavior' has been configured. By default, Entity Framework will use 'QuerySplittingBehavior.SingleQuery', which can potentially result in slow query performance. See https://go.microsoft.com/fwlink/?linkid=2134277 for more information. To identify the query that's triggering this warning call 'ConfigureWarnings(w => w.Throw(RelationalEventId.MultipleCollectionIncludeWarning))'.
][2023-02-01 08:19:26.99 -05:00 INF]Executed DbCommand (55ms) [Parameters=[@__ToLower_0='?' (Size = 200)], CommandType='"Text"', CommandTimeout='30']
SELECT `t`.`Id`, `t`.`ApellidoMaterno`, `t`.`ApellidoPaterno`, `t`.`Email`, `t`.`Nombre`, `t`.`Password`, `t`.`UserName`, `t0`.`UsuarioId`, `t0`.`RolId`, `t0`.`Id`, `t0`.`Nombre`, `r0`.`Id`, `r0`.`Created`, `r0`.`Expires`, `r0`.`Revoked`, `r0`.`Token`, `r0`.`UsuarioId`
FROM (
    SELECT `u`.`Id`, `u`.`ApellidoMaterno`, `u`.`ApellidoPaterno`, `u`.`Email`, `u`.`Nombre`, `u`.`Password`, `u`.`UserName`
    FROM `Usuario` AS `u`
    WHERE LOWER(`u`.`UserName`) = @__ToLower_0
    LIMIT 1
) AS `t`
LEFT JOIN (
    SELECT `u0`.`UsuarioId`, `u0`.`RolId`, `r`.`Id`, `r`.`Nombre`
    FROM `UsuariosRoles` AS `u0`
    INNER JOIN `Rol` AS `r` ON `u0`.`RolId` = `r`.`Id`
) AS `t0` ON `t`.`Id` = `t0`.`UsuarioId`
LEFT JOIN `RefreshToken` AS `r0` ON `t`.`Id` = `r0`.`UsuarioId`
ORDER BY `t`.`Id`, `t0`.`UsuarioId`, `t0`.`RolId`, `t0`.`Id`
][2023-02-01 08:19:27.18 -05:00 INF]Executing OkObjectResult, writing value of type 'API.Dtos.DatosUsuarioDto'.
][2023-02-01 08:19:27.21 -05:00 INF]Executed action API.Controllers.UsuariosController.GetTokenAsync (API) in 724.0567ms
][2023-02-01 08:19:27.21 -05:00 INF]Executed endpoint 'API.Controllers.UsuariosController.GetTokenAsync (API)'
][2023-02-01 08:19:27.21 -05:00 INF]Request finished HTTP/1.1 POST https://localhost:5001/API/Usuarios/token application/json 76 - 200 - application/json;+charset=utf-8 776.2820ms
][2023-02-01 08:19:29.93 -05:00 INF]Request starting HTTP/1.1 POST https://localhost:5001/API/Productos application/json 115
][2023-02-01 08:19:29.95 -05:00 INF]Executing endpoint 'API.Controllers.ProductosController.Post (API)'
][2023-02-01 08:19:29.95 -05:00 INF]Route matched with {action = "Post", controller = "Productos"}. Executing controller action with signature System.Threading.Tasks.Task`1[Microsoft.AspNetCore.Mvc.ActionResult`1[CORE.Entities.Producto]] Post(API.Dtos.ProductoAddUpdateDTO) on controller API.Controllers.ProductosController (API).
][2023-02-01 08:19:30.09 -05:00 INF]Ejecutando productos
][2023-02-01 08:19:30.10 -05:00 INF]Executing BadRequestObjectResult, writing value of type 'Microsoft.AspNetCore.Mvc.ValidationProblemDetails'.
][2023-02-01 08:19:30.10 -05:00 INF]Executed action API.Controllers.ProductosController.Post (API) in 148.4171ms
][2023-02-01 08:19:30.10 -05:00 INF]Executed endpoint 'API.Controllers.ProductosController.Post (API)'
][2023-02-01 08:19:30.10 -05:00 INF]Request finished HTTP/1.1 POST https://localhost:5001/API/Productos application/json 115 - 400 - application/problem+json;+charset=utf-8 176.1292ms
]