[2023-02-02 08:21:34.33 -05:00 INF]Entity Framework Core 6.0.10 initialized 'TiendaContext' using provider 'Pomelo.EntityFrameworkCore.MySql:6.0.2' with options: ServerVersion 8.0.28-mysql 
][2023-02-02 08:21:34.91 -05:00 INF]Executed DbCommand (51ms) [Parameters=[], CommandType='"Text"', CommandTimeout='30']
SELECT 1 FROM INFORMATION_SCHEMA.TABLES WHERE TABLE_SCHEMA='tiendaBd' AND TABLE_NAME='__EFMigrationsHistory';
][2023-02-02 08:21:34.93 -05:00 INF]Executed DbCommand (0ms) [Parameters=[], CommandType='"Text"', CommandTimeout='30']
SELECT 1 FROM INFORMATION_SCHEMA.TABLES WHERE TABLE_SCHEMA='tiendaBd' AND TABLE_NAME='__EFMigrationsHistory';
][2023-02-02 08:21:35.04 -05:00 INF]Executed DbCommand (82ms) [Parameters=[], CommandType='"Text"', CommandTimeout='30']
SELECT `MigrationId`, `ProductVersion`
FROM `__EFMigrationsHistory`
ORDER BY `MigrationId`;
][2023-02-02 08:21:35.07 -05:00 INF]No migrations were applied. The database is already up to date.
][2023-02-02 08:21:35.64 -05:00 INF]Executed DbCommand (14ms) [Parameters=[], CommandType='"Text"', CommandTimeout='30']
SELECT EXISTS (
    SELECT 1
    FROM `Marca` AS `m`)
][2023-02-02 08:21:35.66 -05:00 INF]Executed DbCommand (11ms) [Parameters=[], CommandType='"Text"', CommandTimeout='30']
SELECT EXISTS (
    SELECT 1
    FROM `Categoria` AS `c`)
][2023-02-02 08:21:35.67 -05:00 INF]Executed DbCommand (12ms) [Parameters=[], CommandType='"Text"', CommandTimeout='30']
SELECT EXISTS (
    SELECT 1
    FROM `Producto` AS `p`)
][2023-02-02 08:21:35.69 -05:00 INF]Executed DbCommand (11ms) [Parameters=[], CommandType='"Text"', CommandTimeout='30']
SELECT EXISTS (
    SELECT 1
    FROM `Rol` AS `r`)
][2023-02-02 08:21:35.90 -05:00 INF]User profile is available. Using 'C:\Users\Wilson\AppData\Local\ASP.NET\DataProtection-Keys' as key repository and Windows DPAPI to encrypt keys at rest.
][2023-02-02 08:21:36.21 -05:00 INF]Now listening on: https://localhost:5001
][2023-02-02 08:21:36.21 -05:00 INF]Now listening on: http://localhost:5000
][2023-02-02 08:21:36.21 -05:00 INF]Application started. Press Ctrl+C to shut down.
][2023-02-02 08:21:36.21 -05:00 INF]Hosting environment: Development
][2023-02-02 08:21:36.21 -05:00 INF]Content root path: F:\Proyectos .NET\Proyectos\Tienda\API\
][2023-02-02 08:22:12.03 -05:00 INF]Request starting HTTP/1.1 GET https://localhost:5001/API/weatherforecast - -
][2023-02-02 08:22:13.07 -05:00 INF]Request finished HTTP/1.1 GET https://localhost:5001/API/weatherforecast - - - 404 0 - 1049.9896ms
][2023-02-02 08:22:25.27 -05:00 INF]Request starting HTTP/1.1 GET https://localhost:5001/API/getweatherforecast - -
][2023-02-02 08:22:25.27 -05:00 INF]Request finished HTTP/1.1 GET https://localhost:5001/API/getweatherforecast - - - 404 0 - 3.5174ms
][2023-02-02 08:22:48.27 -05:00 INF]Request starting HTTP/1.1 GET https://localhost:5001/API/WeatherForecast - -
][2023-02-02 08:22:48.28 -05:00 INF]Request finished HTTP/1.1 GET https://localhost:5001/API/WeatherForecast - - - 404 0 - 5.1378ms
][2023-02-02 08:23:22.60 -05:00 INF]Entity Framework Core 6.0.10 initialized 'TiendaContext' using provider 'Pomelo.EntityFrameworkCore.MySql:6.0.2' with options: ServerVersion 8.0.28-mysql 
][2023-02-02 08:23:22.95 -05:00 INF]Executed DbCommand (16ms) [Parameters=[], CommandType='"Text"', CommandTimeout='30']
SELECT 1 FROM INFORMATION_SCHEMA.TABLES WHERE TABLE_SCHEMA='tiendaBd' AND TABLE_NAME='__EFMigrationsHistory';
][2023-02-02 08:23:22.98 -05:00 INF]Executed DbCommand (0ms) [Parameters=[], CommandType='"Text"', CommandTimeout='30']
SELECT 1 FROM INFORMATION_SCHEMA.TABLES WHERE TABLE_SCHEMA='tiendaBd' AND TABLE_NAME='__EFMigrationsHistory';
][2023-02-02 08:23:23.01 -05:00 INF]Executed DbCommand (4ms) [Parameters=[], CommandType='"Text"', CommandTimeout='30']
SELECT `MigrationId`, `ProductVersion`
FROM `__EFMigrationsHistory`
ORDER BY `MigrationId`;
][2023-02-02 08:23:23.03 -05:00 INF]No migrations were applied. The database is already up to date.
][2023-02-02 08:23:23.31 -05:00 INF]Executed DbCommand (1ms) [Parameters=[], CommandType='"Text"', CommandTimeout='30']
SELECT EXISTS (
    SELECT 1
    FROM `Marca` AS `m`)
][2023-02-02 08:23:23.31 -05:00 INF]Executed DbCommand (0ms) [Parameters=[], CommandType='"Text"', CommandTimeout='30']
SELECT EXISTS (
    SELECT 1
    FROM `Categoria` AS `c`)
][2023-02-02 08:23:23.31 -05:00 INF]Executed DbCommand (0ms) [Parameters=[], CommandType='"Text"', CommandTimeout='30']
SELECT EXISTS (
    SELECT 1
    FROM `Producto` AS `p`)
][2023-02-02 08:23:23.32 -05:00 INF]Executed DbCommand (1ms) [Parameters=[], CommandType='"Text"', CommandTimeout='30']
SELECT EXISTS (
    SELECT 1
    FROM `Rol` AS `r`)
][2023-02-02 08:23:23.47 -05:00 INF]User profile is available. Using 'C:\Users\Wilson\AppData\Local\ASP.NET\DataProtection-Keys' as key repository and Windows DPAPI to encrypt keys at rest.
][2023-02-02 08:23:23.61 -05:00 INF]Now listening on: https://localhost:5001
][2023-02-02 08:23:23.61 -05:00 INF]Now listening on: http://localhost:5000
][2023-02-02 08:23:23.61 -05:00 INF]Application started. Press Ctrl+C to shut down.
][2023-02-02 08:23:23.61 -05:00 INF]Hosting environment: Development
][2023-02-02 08:23:23.61 -05:00 INF]Content root path: F:\Proyectos .NET\Proyectos\Tienda\API\
][2023-02-02 08:23:29.99 -05:00 INF]Request starting HTTP/1.1 GET https://localhost:5001/API/WeatherForecast - -
][2023-02-02 08:23:30.16 -05:00 INF]Executing endpoint 'API.Controllers.WeatherForecastController.Get (API)'
][2023-02-02 08:23:30.17 -05:00 INF]Route matched with {action = "Get", controller = "WeatherForecast"}. Executing controller action with signature System.Collections.Generic.IEnumerable`1[API.WeatherForecast] Get() on controller API.Controllers.WeatherForecastController (API).
][2023-02-02 08:23:30.17 -05:00 INF]Ejecutando weatherForecast
][2023-02-02 08:23:30.19 -05:00 INF]Executed action API.Controllers.WeatherForecastController.Get (API) in 5.692ms
][2023-02-02 08:23:30.19 -05:00 INF]Executed endpoint 'API.Controllers.WeatherForecastController.Get (API)'
][2023-02-02 08:23:30.19 -05:00 ERR]Excepción no controlada
System.Exception: Excepción no controlada
   at API.Controllers.WeatherForecastController.Get() in F:\Proyectos .NET\Proyectos\Tienda\API\Controllers\WeatherForecastController.cs:line 23
   at lambda_method16(Closure , Object , Object[] )
   at Microsoft.AspNetCore.Mvc.Infrastructure.ActionMethodExecutor.SyncObjectResultExecutor.Execute(IActionResultTypeMapper mapper, ObjectMethodExecutor executor, Object controller, Object[] arguments)
   at Microsoft.AspNetCore.Mvc.Infrastructure.ControllerActionInvoker.InvokeActionMethodAsync()
   at Microsoft.AspNetCore.Mvc.Infrastructure.ControllerActionInvoker.Next(State& next, Scope& scope, Object& state, Boolean& isCompleted)
   at Microsoft.AspNetCore.Mvc.Infrastructure.ControllerActionInvoker.InvokeNextActionFilterAsync()
--- End of stack trace from previous location ---
   at Microsoft.AspNetCore.Mvc.Infrastructure.ControllerActionInvoker.Rethrow(ActionExecutedContextSealed context)
   at Microsoft.AspNetCore.Mvc.Infrastructure.ControllerActionInvoker.Next(State& next, Scope& scope, Object& state, Boolean& isCompleted)
   at Microsoft.AspNetCore.Mvc.Infrastructure.ControllerActionInvoker.InvokeInnerFilterAsync()
--- End of stack trace from previous location ---
   at Microsoft.AspNetCore.Mvc.Infrastructure.ResourceInvoker.<InvokeFilterPipelineAsync>g__Awaited|20_0(ResourceInvoker invoker, Task lastTask, State next, Scope scope, Object state, Boolean isCompleted)
   at Microsoft.AspNetCore.Mvc.Infrastructure.ResourceInvoker.<InvokeAsync>g__Logged|17_1(ResourceInvoker invoker)
   at Microsoft.AspNetCore.Mvc.Infrastructure.ResourceInvoker.<InvokeAsync>g__Logged|17_1(ResourceInvoker invoker)
   at Microsoft.AspNetCore.Routing.EndpointMiddleware.<Invoke>g__AwaitRequestTask|6_0(Endpoint endpoint, Task requestTask, ILogger logger)
   at Microsoft.AspNetCore.Authorization.AuthorizationMiddleware.Invoke(HttpContext context)
   at Microsoft.AspNetCore.Authentication.AuthenticationMiddleware.Invoke(HttpContext context)
   at Swashbuckle.AspNetCore.SwaggerUI.SwaggerUIMiddleware.Invoke(HttpContext httpContext)
   at Swashbuckle.AspNetCore.Swagger.SwaggerMiddleware.Invoke(HttpContext httpContext, ISwaggerProvider swaggerProvider)
   at AspNetCoreRateLimit.RateLimitMiddleware`1.Invoke(HttpContext context) in C:\Users\User\Documents\Github\AspNetCoreRateLimit\src\AspNetCoreRateLimit\Middleware\RateLimitMiddleware.cs:line 124
   at API.Helpers.Errors.ExceptionMiddleware.InvokeAsync(HttpContext context) in F:\Proyectos .NET\Proyectos\Tienda\API\Helpers\Errors\ExceptionMiddleware.cs:line 24
][2023-02-02 08:23:30.39 -05:00 INF]Request finished HTTP/1.1 GET https://localhost:5001/API/WeatherForecast - - - 500 - application/json 398.8000ms
][2023-02-02 08:26:33.85 -05:00 INF]Request starting HTTP/1.1 POST https://localhost:5001/API/Usuarios/token application/json 76
][2023-02-02 08:26:34.38 -05:00 INF]Failed to validate the token.
Microsoft.IdentityModel.Tokens.SecurityTokenExpiredException: IDX10223: Lifetime validation failed. The token is expired. ValidTo: '01/02/2023 1:20:27', Current time: '02/02/2023 1:26:34'.
   at Microsoft.IdentityModel.Tokens.Validators.ValidateLifetime(Nullable`1 notBefore, Nullable`1 expires, SecurityToken securityToken, TokenValidationParameters validationParameters)
   at System.IdentityModel.Tokens.Jwt.JwtSecurityTokenHandler.ValidateLifetime(Nullable`1 notBefore, Nullable`1 expires, JwtSecurityToken jwtToken, TokenValidationParameters validationParameters)
   at System.IdentityModel.Tokens.Jwt.JwtSecurityTokenHandler.ValidateTokenPayload(JwtSecurityToken jwtToken, TokenValidationParameters validationParameters, BaseConfiguration configuration)
   at System.IdentityModel.Tokens.Jwt.JwtSecurityTokenHandler.ValidateJWS(String token, TokenValidationParameters validationParameters, BaseConfiguration currentConfiguration, SecurityToken& signatureValidatedToken, ExceptionDispatchInfo& exceptionThrown)
--- End of stack trace from previous location ---
   at System.IdentityModel.Tokens.Jwt.JwtSecurityTokenHandler.ValidateToken(String token, JwtSecurityToken outerToken, TokenValidationParameters validationParameters, SecurityToken& signatureValidatedToken)
   at System.IdentityModel.Tokens.Jwt.JwtSecurityTokenHandler.ValidateToken(String token, TokenValidationParameters validationParameters, SecurityToken& validatedToken)
   at Microsoft.AspNetCore.Authentication.JwtBearer.JwtBearerHandler.HandleAuthenticateAsync()
][2023-02-02 08:26:34.40 -05:00 INF]Bearer was not authenticated. Failure message: IDX10223: Lifetime validation failed. The token is expired. ValidTo: '01/02/2023 1:20:27', Current time: '02/02/2023 1:26:34'.
][2023-02-02 08:26:34.40 -05:00 INF]Executing endpoint 'API.Controllers.UsuariosController.GetTokenAsync (API)'
][2023-02-02 08:26:34.42 -05:00 INF]Route matched with {action = "GetToken", controller = "Usuarios"}. Executing controller action with signature System.Threading.Tasks.Task`1[Microsoft.AspNetCore.Mvc.IActionResult] GetTokenAsync(API.Dtos.LoginDTO) on controller API.Controllers.UsuariosController (API).
][2023-02-02 08:26:34.47 -05:00 INF]Entity Framework Core 6.0.10 initialized 'TiendaContext' using provider 'Pomelo.EntityFrameworkCore.MySql:6.0.2' with options: ServerVersion 8.0.28-mysql 
][2023-02-02 08:26:34.78 -05:00 WRN]Compiling a query which loads related collections for more than one collection navigation, either via 'Include' or through projection, but no 'QuerySplittingBehavior' has been configured. By default, Entity Framework will use 'QuerySplittingBehavior.SingleQuery', which can potentially result in slow query performance. See https://go.microsoft.com/fwlink/?linkid=2134277 for more information. To identify the query that's triggering this warning call 'ConfigureWarnings(w => w.Throw(RelationalEventId.MultipleCollectionIncludeWarning))'.
][2023-02-02 08:26:34.98 -05:00 INF]Executed DbCommand (122ms) [Parameters=[@__ToLower_0='?' (Size = 200)], CommandType='"Text"', CommandTimeout='30']
SELECT `t`.`Id`, `t`.`ApellidoMaterno`, `t`.`ApellidoPaterno`, `t`.`Email`, `t`.`Nombre`, `t`.`Password`, `t`.`UserName`, `t0`.`UsuarioId`, `t0`.`RolId`, `t0`.`Id`, `t0`.`Nombre`, `r0`.`Id`, `r0`.`Created`, `r0`.`Expires`, `r0`.`Revoked`, `r0`.`Token`, `r0`.`UsuarioId`
FROM (
    SELECT `u`.`Id`, `u`.`ApellidoMaterno`, `u`.`ApellidoPaterno`, `u`.`Email`, `u`.`Nombre`, `u`.`Password`, `u`.`UserName`
    FROM `Usuario` AS `u`
    WHERE LOWER(`u`.`UserName`) = @__ToLower_0
    LIMIT 1
) AS `t`
LEFT JOIN (
    SELECT `u0`.`UsuarioId`, `u0`.`RolId`, `r`.`Id`, `r`.`Nombre`
    FROM `UsuariosRoles` AS `u0`
    INNER JOIN `Rol` AS `r` ON `u0`.`RolId` = `r`.`Id`
) AS `t0` ON `t`.`Id` = `t0`.`UsuarioId`
LEFT JOIN `RefreshToken` AS `r0` ON `t`.`Id` = `r0`.`UsuarioId`
ORDER BY `t`.`Id`, `t0`.`UsuarioId`, `t0`.`RolId`, `t0`.`Id`
][2023-02-02 08:26:35.20 -05:00 INF]Executing OkObjectResult, writing value of type 'API.Dtos.DatosUsuarioDto'.
][2023-02-02 08:26:35.21 -05:00 INF]Executed action API.Controllers.UsuariosController.GetTokenAsync (API) in 787.6147ms
][2023-02-02 08:26:35.21 -05:00 INF]Executed endpoint 'API.Controllers.UsuariosController.GetTokenAsync (API)'
][2023-02-02 08:26:35.21 -05:00 INF]Request finished HTTP/1.1 POST https://localhost:5001/API/Usuarios/token application/json 76 - 200 - application/json;+charset=utf-8 1366.7373ms
][2023-02-02 08:26:47.04 -05:00 INF]Request starting HTTP/1.1 POST https://localhost:5001/API/Productos application/json 115
][2023-02-02 08:26:47.08 -05:00 INF]Executing endpoint 'API.Controllers.ProductosController.Post (API)'
][2023-02-02 08:26:47.08 -05:00 INF]Route matched with {action = "Post", controller = "Productos"}. Executing controller action with signature System.Threading.Tasks.Task`1[Microsoft.AspNetCore.Mvc.ActionResult`1[CORE.Entities.Producto]] Post(API.Dtos.ProductoAddUpdateDTO) on controller API.Controllers.ProductosController (API).
][2023-02-02 08:26:47.28 -05:00 INF]Ejecutando productos
][2023-02-02 08:26:47.30 -05:00 INF]Executing BadRequestObjectResult, writing value of type 'Microsoft.AspNetCore.Mvc.ValidationProblemDetails'.
][2023-02-02 08:26:47.30 -05:00 INF]Executed action API.Controllers.ProductosController.Post (API) in 220.8147ms
][2023-02-02 08:26:47.30 -05:00 INF]Executed endpoint 'API.Controllers.ProductosController.Post (API)'
][2023-02-02 08:26:47.31 -05:00 INF]Request finished HTTP/1.1 POST https://localhost:5001/API/Productos application/json 115 - 400 - application/problem+json;+charset=utf-8 264.6743ms
][2023-02-02 08:27:08.54 -05:00 INF]Request starting HTTP/1.1 GET https://localhost:5001/API/productos - -
][2023-02-02 08:27:08.55 -05:00 INF]Executing endpoint 'API.Controllers.ProductosController.Get (API)'
][2023-02-02 08:27:08.55 -05:00 INF]Route matched with {action = "Get", controller = "Productos"}. Executing controller action with signature System.Threading.Tasks.Task`1[Microsoft.AspNetCore.Mvc.ActionResult`1[API.Helpers.Pager`1[API.Dtos.ProductoListDTO]]] Get(API.Helpers.Params) on controller API.Controllers.ProductosController (API).
][2023-02-02 08:27:08.55 -05:00 INF]Ejecutando productos
][2023-02-02 08:27:08.63 -05:00 INF]Entity Framework Core 6.0.10 initialized 'TiendaContext' using provider 'Pomelo.EntityFrameworkCore.MySql:6.0.2' with options: ServerVersion 8.0.28-mysql 
][2023-02-02 08:27:08.65 -05:00 INF]Executed DbCommand (3ms) [Parameters=[], CommandType='"Text"', CommandTimeout='30']
SELECT COUNT(*)
FROM `Producto` AS `p`
][2023-02-02 08:27:08.66 -05:00 WRN]The query uses a row limiting operator ('Skip'/'Take') without an 'OrderBy' operator. This may lead to unpredictable results. If the 'Distinct' operator is used after 'OrderBy', then make sure to use the 'OrderBy' operator after 'Distinct' as the ordering would otherwise get erased.
][2023-02-02 08:27:08.66 -05:00 WRN]The query uses a row limiting operator ('Skip'/'Take') without an 'OrderBy' operator. This may lead to unpredictable results. If the 'Distinct' operator is used after 'OrderBy', then make sure to use the 'OrderBy' operator after 'Distinct' as the ordering would otherwise get erased.
][2023-02-02 08:27:08.69 -05:00 INF]Executed DbCommand (17ms) [Parameters=[@__p_1='?' (DbType = Int32), @__p_0='?' (DbType = Int32)], CommandType='"Text"', CommandTimeout='30']
SELECT `t`.`Id`, `t`.`CategoriaId`, `t`.`FechaCreacion`, `t`.`MarcaId`, `t`.`Nombre`, `t`.`Precio`, `m`.`Id`, `m`.`Nombre`, `c`.`Id`, `c`.`Nombre`
FROM (
    SELECT `p`.`Id`, `p`.`CategoriaId`, `p`.`FechaCreacion`, `p`.`MarcaId`, `p`.`Nombre`, `p`.`Precio`
    FROM `Producto` AS `p`
    LIMIT @__p_1 OFFSET @__p_0
) AS `t`
INNER JOIN `Marca` AS `m` ON `t`.`MarcaId` = `m`.`Id`
INNER JOIN `Categoria` AS `c` ON `t`.`CategoriaId` = `c`.`Id`
][2023-02-02 08:27:08.75 -05:00 INF]Executing ObjectResult, writing value of type 'API.Helpers.Pager`1[[API.Dtos.ProductoListDTO, API, Version=1.0.0.0, Culture=neutral, PublicKeyToken=null]]'.
][2023-02-02 08:27:08.75 -05:00 INF]Executed action API.Controllers.ProductosController.Get (API) in 200.8971ms
][2023-02-02 08:27:08.75 -05:00 INF]Executed endpoint 'API.Controllers.ProductosController.Get (API)'
][2023-02-02 08:27:08.76 -05:00 INF]Request finished HTTP/1.1 GET https://localhost:5001/API/productos - - - 200 - application/json;+charset=utf-8 210.8206ms
][2023-02-02 08:27:42.44 -05:00 INF]Request starting HTTP/1.1 PUT https://localhost:5001/API/Productos/1000 application/json 171
][2023-02-02 08:27:42.45 -05:00 INF]Failed to validate the token.
Microsoft.IdentityModel.Tokens.SecurityTokenExpiredException: IDX10223: Lifetime validation failed. The token is expired. ValidTo: '02/02/2023 1:27:35', Current time: '02/02/2023 1:27:42'.
   at Microsoft.IdentityModel.Tokens.Validators.ValidateLifetime(Nullable`1 notBefore, Nullable`1 expires, SecurityToken securityToken, TokenValidationParameters validationParameters)
   at System.IdentityModel.Tokens.Jwt.JwtSecurityTokenHandler.ValidateLifetime(Nullable`1 notBefore, Nullable`1 expires, JwtSecurityToken jwtToken, TokenValidationParameters validationParameters)
   at System.IdentityModel.Tokens.Jwt.JwtSecurityTokenHandler.ValidateTokenPayload(JwtSecurityToken jwtToken, TokenValidationParameters validationParameters, BaseConfiguration configuration)
   at System.IdentityModel.Tokens.Jwt.JwtSecurityTokenHandler.ValidateJWS(String token, TokenValidationParameters validationParameters, BaseConfiguration currentConfiguration, SecurityToken& signatureValidatedToken, ExceptionDispatchInfo& exceptionThrown)
--- End of stack trace from previous location ---
   at System.IdentityModel.Tokens.Jwt.JwtSecurityTokenHandler.ValidateToken(String token, JwtSecurityToken outerToken, TokenValidationParameters validationParameters, SecurityToken& signatureValidatedToken)
   at System.IdentityModel.Tokens.Jwt.JwtSecurityTokenHandler.ValidateToken(String token, TokenValidationParameters validationParameters, SecurityToken& validatedToken)
   at Microsoft.AspNetCore.Authentication.JwtBearer.JwtBearerHandler.HandleAuthenticateAsync()
][2023-02-02 08:27:42.45 -05:00 INF]Bearer was not authenticated. Failure message: IDX10223: Lifetime validation failed. The token is expired. ValidTo: '02/02/2023 1:27:35', Current time: '02/02/2023 1:27:42'.
][2023-02-02 08:27:42.45 -05:00 INF]Authorization failed. These requirements were not met:
RolesAuthorizationRequirement:User.IsInRole must be true for one of the following roles: (Administrador)
][2023-02-02 08:27:42.45 -05:00 INF]AuthenticationScheme: Bearer was challenged.
][2023-02-02 08:27:42.46 -05:00 INF]Request finished HTTP/1.1 PUT https://localhost:5001/API/Productos/1000 application/json 171 - 401 0 - 10.8232ms
][2023-02-02 08:27:51.10 -05:00 INF]Request starting HTTP/1.1 POST https://localhost:5001/API/Usuarios/token application/json 76
][2023-02-02 08:27:51.10 -05:00 INF]Failed to validate the token.
Microsoft.IdentityModel.Tokens.SecurityTokenExpiredException: IDX10223: Lifetime validation failed. The token is expired. ValidTo: '02/02/2023 1:27:35', Current time: '02/02/2023 1:27:51'.
   at Microsoft.IdentityModel.Tokens.Validators.ValidateLifetime(Nullable`1 notBefore, Nullable`1 expires, SecurityToken securityToken, TokenValidationParameters validationParameters)
   at System.IdentityModel.Tokens.Jwt.JwtSecurityTokenHandler.ValidateLifetime(Nullable`1 notBefore, Nullable`1 expires, JwtSecurityToken jwtToken, TokenValidationParameters validationParameters)
   at System.IdentityModel.Tokens.Jwt.JwtSecurityTokenHandler.ValidateTokenPayload(JwtSecurityToken jwtToken, TokenValidationParameters validationParameters, BaseConfiguration configuration)
   at System.IdentityModel.Tokens.Jwt.JwtSecurityTokenHandler.ValidateJWS(String token, TokenValidationParameters validationParameters, BaseConfiguration currentConfiguration, SecurityToken& signatureValidatedToken, ExceptionDispatchInfo& exceptionThrown)
--- End of stack trace from previous location ---
   at System.IdentityModel.Tokens.Jwt.JwtSecurityTokenHandler.ValidateToken(String token, JwtSecurityToken outerToken, TokenValidationParameters validationParameters, SecurityToken& signatureValidatedToken)
   at System.IdentityModel.Tokens.Jwt.JwtSecurityTokenHandler.ValidateToken(String token, TokenValidationParameters validationParameters, SecurityToken& validatedToken)
   at Microsoft.AspNetCore.Authentication.JwtBearer.JwtBearerHandler.HandleAuthenticateAsync()
][2023-02-02 08:27:51.10 -05:00 INF]Bearer was not authenticated. Failure message: IDX10223: Lifetime validation failed. The token is expired. ValidTo: '02/02/2023 1:27:35', Current time: '02/02/2023 1:27:51'.
][2023-02-02 08:27:51.10 -05:00 INF]Executing endpoint 'API.Controllers.UsuariosController.GetTokenAsync (API)'
][2023-02-02 08:27:51.10 -05:00 INF]Route matched with {action = "GetToken", controller = "Usuarios"}. Executing controller action with signature System.Threading.Tasks.Task`1[Microsoft.AspNetCore.Mvc.IActionResult] GetTokenAsync(API.Dtos.LoginDTO) on controller API.Controllers.UsuariosController (API).
][2023-02-02 08:27:51.11 -05:00 INF]Entity Framework Core 6.0.10 initialized 'TiendaContext' using provider 'Pomelo.EntityFrameworkCore.MySql:6.0.2' with options: ServerVersion 8.0.28-mysql 
][2023-02-02 08:27:51.14 -05:00 INF]Executed DbCommand (32ms) [Parameters=[@__ToLower_0='?' (Size = 200)], CommandType='"Text"', CommandTimeout='30']
SELECT `t`.`Id`, `t`.`ApellidoMaterno`, `t`.`ApellidoPaterno`, `t`.`Email`, `t`.`Nombre`, `t`.`Password`, `t`.`UserName`, `t0`.`UsuarioId`, `t0`.`RolId`, `t0`.`Id`, `t0`.`Nombre`, `r0`.`Id`, `r0`.`Created`, `r0`.`Expires`, `r0`.`Revoked`, `r0`.`Token`, `r0`.`UsuarioId`
FROM (
    SELECT `u`.`Id`, `u`.`ApellidoMaterno`, `u`.`ApellidoPaterno`, `u`.`Email`, `u`.`Nombre`, `u`.`Password`, `u`.`UserName`
    FROM `Usuario` AS `u`
    WHERE LOWER(`u`.`UserName`) = @__ToLower_0
    LIMIT 1
) AS `t`
LEFT JOIN (
    SELECT `u0`.`UsuarioId`, `u0`.`RolId`, `r`.`Id`, `r`.`Nombre`
    FROM `UsuariosRoles` AS `u0`
    INNER JOIN `Rol` AS `r` ON `u0`.`RolId` = `r`.`Id`
) AS `t0` ON `t`.`Id` = `t0`.`UsuarioId`
LEFT JOIN `RefreshToken` AS `r0` ON `t`.`Id` = `r0`.`UsuarioId`
ORDER BY `t`.`Id`, `t0`.`UsuarioId`, `t0`.`RolId`, `t0`.`Id`
][2023-02-02 08:27:51.16 -05:00 INF]Executing OkObjectResult, writing value of type 'API.Dtos.DatosUsuarioDto'.
][2023-02-02 08:27:51.16 -05:00 INF]Executed action API.Controllers.UsuariosController.GetTokenAsync (API) in 52.0374ms
][2023-02-02 08:27:51.16 -05:00 INF]Executed endpoint 'API.Controllers.UsuariosController.GetTokenAsync (API)'
][2023-02-02 08:27:51.16 -05:00 INF]Request finished HTTP/1.1 POST https://localhost:5001/API/Usuarios/token application/json 76 - 200 - application/json;+charset=utf-8 58.3350ms
][2023-02-02 08:27:55.05 -05:00 INF]Request starting HTTP/1.1 PUT https://localhost:5001/API/Productos/1000 application/json 171
][2023-02-02 08:27:55.05 -05:00 INF]Executing endpoint 'API.Controllers.ProductosController.Put (API)'
][2023-02-02 08:27:55.06 -05:00 INF]Route matched with {action = "Put", controller = "Productos"}. Executing controller action with signature System.Threading.Tasks.Task`1[Microsoft.AspNetCore.Mvc.ActionResult`1[API.Dtos.ProductoAddUpdateDTO]] Put(Int32, API.Dtos.ProductoAddUpdateDTO) on controller API.Controllers.ProductosController (API).
][2023-02-02 08:27:55.06 -05:00 INF]Ejecutando productos
][2023-02-02 08:27:55.07 -05:00 INF]Entity Framework Core 6.0.10 initialized 'TiendaContext' using provider 'Pomelo.EntityFrameworkCore.MySql:6.0.2' with options: ServerVersion 8.0.28-mysql 
][2023-02-02 08:27:55.25 -05:00 INF]Executed DbCommand (10ms) [Parameters=[@p5='?' (DbType = Int32), @p0='?' (DbType = Int32), @p1='?' (DbType = DateTime), @p2='?' (DbType = Int32), @p3='?' (Size = 4000), @p4='?' (DbType = Decimal)], CommandType='"Text"', CommandTimeout='30']
UPDATE `Producto` SET `CategoriaId` = @p0, `FechaCreacion` = @p1, `MarcaId` = @p2, `Nombre` = @p3, `Precio` = @p4
WHERE `Id` = @p5;
SELECT ROW_COUNT();
][2023-02-02 08:27:55.27 -05:00 INF]Executed action API.Controllers.ProductosController.Put (API) in 210.9842ms
][2023-02-02 08:27:55.27 -05:00 INF]Executed endpoint 'API.Controllers.ProductosController.Put (API)'
][2023-02-02 08:27:55.27 -05:00 ERR]The database operation was expected to affect 1 row(s), but actually affected 0 row(s); data may have been modified or deleted since entities were loaded. See http://go.microsoft.com/fwlink/?LinkId=527962 for information on understanding and handling optimistic concurrency exceptions.
Microsoft.EntityFrameworkCore.DbUpdateConcurrencyException: The database operation was expected to affect 1 row(s), but actually affected 0 row(s); data may have been modified or deleted since entities were loaded. See http://go.microsoft.com/fwlink/?LinkId=527962 for information on understanding and handling optimistic concurrency exceptions.
   at Microsoft.EntityFrameworkCore.Update.AffectedCountModificationCommandBatch.ThrowAggregateUpdateConcurrencyException(Int32 commandIndex, Int32 expectedRowsAffected, Int32 rowsAffected)
   at Microsoft.EntityFrameworkCore.Update.AffectedCountModificationCommandBatch.ConsumeResultSetWithoutPropagationAsync(Int32 commandIndex, RelationalDataReader reader, CancellationToken cancellationToken)
   at Microsoft.EntityFrameworkCore.Update.AffectedCountModificationCommandBatch.ConsumeAsync(RelationalDataReader reader, CancellationToken cancellationToken)
   at Microsoft.EntityFrameworkCore.Update.ReaderModificationCommandBatch.ExecuteAsync(IRelationalConnection connection, CancellationToken cancellationToken)
   at Microsoft.EntityFrameworkCore.Update.ReaderModificationCommandBatch.ExecuteAsync(IRelationalConnection connection, CancellationToken cancellationToken)
   at Microsoft.EntityFrameworkCore.Update.Internal.BatchExecutor.ExecuteAsync(IEnumerable`1 commandBatches, IRelationalConnection connection, CancellationToken cancellationToken)
   at Microsoft.EntityFrameworkCore.Update.Internal.BatchExecutor.ExecuteAsync(IEnumerable`1 commandBatches, IRelationalConnection connection, CancellationToken cancellationToken)
   at Microsoft.EntityFrameworkCore.Update.Internal.BatchExecutor.ExecuteAsync(IEnumerable`1 commandBatches, IRelationalConnection connection, CancellationToken cancellationToken)
   at Microsoft.EntityFrameworkCore.ChangeTracking.Internal.StateManager.SaveChangesAsync(IList`1 entriesToSave, CancellationToken cancellationToken)
   at Microsoft.EntityFrameworkCore.ChangeTracking.Internal.StateManager.SaveChangesAsync(StateManager stateManager, Boolean acceptAllChangesOnSuccess, CancellationToken cancellationToken)
   at Pomelo.EntityFrameworkCore.MySql.Storage.Internal.MySqlExecutionStrategy.ExecuteAsync[TState,TResult](TState state, Func`4 operation, Func`4 verifySucceeded, CancellationToken cancellationToken)
   at Microsoft.EntityFrameworkCore.DbContext.SaveChangesAsync(Boolean acceptAllChangesOnSuccess, CancellationToken cancellationToken)
   at Microsoft.EntityFrameworkCore.DbContext.SaveChangesAsync(Boolean acceptAllChangesOnSuccess, CancellationToken cancellationToken)
   at Infrastructure.UnitOfWork.UnitOfWork.SaveAsync() in F:\Proyectos .NET\Proyectos\Tienda\Infrastructure\UnitOfWork\UnitOfWork.cs:line 86
   at API.Controllers.ProductosController.Put(Int32 id, ProductoAddUpdateDTO productoDTO) in F:\Proyectos .NET\Proyectos\Tienda\API\Controllers\ProductosController.cs:line 125
   at lambda_method275(Closure , Object )
   at Microsoft.AspNetCore.Mvc.Infrastructure.ActionMethodExecutor.AwaitableObjectResultExecutor.Execute(IActionResultTypeMapper mapper, ObjectMethodExecutor executor, Object controller, Object[] arguments)
   at Microsoft.AspNetCore.Mvc.Infrastructure.ControllerActionInvoker.<InvokeActionMethodAsync>g__Awaited|12_0(ControllerActionInvoker invoker, ValueTask`1 actionResultValueTask)
   at Microsoft.AspNetCore.Mvc.Infrastructure.ControllerActionInvoker.<InvokeNextActionFilterAsync>g__Awaited|10_0(ControllerActionInvoker invoker, Task lastTask, State next, Scope scope, Object state, Boolean isCompleted)
   at Microsoft.AspNetCore.Mvc.Infrastructure.ControllerActionInvoker.Rethrow(ActionExecutedContextSealed context)
   at Microsoft.AspNetCore.Mvc.Infrastructure.ControllerActionInvoker.Next(State& next, Scope& scope, Object& state, Boolean& isCompleted)
   at Microsoft.AspNetCore.Mvc.Infrastructure.ControllerActionInvoker.<InvokeInnerFilterAsync>g__Awaited|13_0(ControllerActionInvoker invoker, Task lastTask, State next, Scope scope, Object state, Boolean isCompleted)
   at Microsoft.AspNetCore.Mvc.Infrastructure.ResourceInvoker.<InvokeFilterPipelineAsync>g__Awaited|20_0(ResourceInvoker invoker, Task lastTask, State next, Scope scope, Object state, Boolean isCompleted)
   at Microsoft.AspNetCore.Mvc.Infrastructure.ResourceInvoker.<InvokeAsync>g__Logged|17_1(ResourceInvoker invoker)
   at Microsoft.AspNetCore.Mvc.Infrastructure.ResourceInvoker.<InvokeAsync>g__Logged|17_1(ResourceInvoker invoker)
   at Microsoft.AspNetCore.Routing.EndpointMiddleware.<Invoke>g__AwaitRequestTask|6_0(Endpoint endpoint, Task requestTask, ILogger logger)
   at Microsoft.AspNetCore.Authorization.Policy.AuthorizationMiddlewareResultHandler.HandleAsync(RequestDelegate next, HttpContext context, AuthorizationPolicy policy, PolicyAuthorizationResult authorizeResult)
   at Microsoft.AspNetCore.Authorization.AuthorizationMiddleware.Invoke(HttpContext context)
   at Microsoft.AspNetCore.Authentication.AuthenticationMiddleware.Invoke(HttpContext context)
   at Swashbuckle.AspNetCore.SwaggerUI.SwaggerUIMiddleware.Invoke(HttpContext httpContext)
   at Swashbuckle.AspNetCore.Swagger.SwaggerMiddleware.Invoke(HttpContext httpContext, ISwaggerProvider swaggerProvider)
   at AspNetCoreRateLimit.RateLimitMiddleware`1.Invoke(HttpContext context) in C:\Users\User\Documents\Github\AspNetCoreRateLimit\src\AspNetCoreRateLimit\Middleware\RateLimitMiddleware.cs:line 124
   at API.Helpers.Errors.ExceptionMiddleware.InvokeAsync(HttpContext context) in F:\Proyectos .NET\Proyectos\Tienda\API\Helpers\Errors\ExceptionMiddleware.cs:line 24
][2023-02-02 08:27:55.33 -05:00 INF]Request finished HTTP/1.1 PUT https://localhost:5001/API/Productos/1000 application/json 171 - 500 - application/json 278.6377ms
]