[2023-02-07 07:01:22.81 -05:00 INF]Entity Framework Core 6.0.10 initialized 'TiendaContext' using provider 'Pomelo.EntityFrameworkCore.MySql:6.0.2' with options: ServerVersion 8.0.28-mysql 
][2023-02-07 07:01:23.29 -05:00 INF]Executed DbCommand (51ms) [Parameters=[], CommandType='"Text"', CommandTimeout='30']
SELECT 1 FROM INFORMATION_SCHEMA.TABLES WHERE TABLE_SCHEMA='tiendaBd' AND TABLE_NAME='__EFMigrationsHistory';
][2023-02-07 07:01:23.31 -05:00 INF]Executed DbCommand (0ms) [Parameters=[], CommandType='"Text"', CommandTimeout='30']
SELECT 1 FROM INFORMATION_SCHEMA.TABLES WHERE TABLE_SCHEMA='tiendaBd' AND TABLE_NAME='__EFMigrationsHistory';
][2023-02-07 07:01:23.41 -05:00 INF]Executed DbCommand (65ms) [Parameters=[], CommandType='"Text"', CommandTimeout='30']
SELECT `MigrationId`, `ProductVersion`
FROM `__EFMigrationsHistory`
ORDER BY `MigrationId`;
][2023-02-07 07:01:23.43 -05:00 INF]No migrations were applied. The database is already up to date.
][2023-02-07 07:01:23.92 -05:00 INF]Executed DbCommand (12ms) [Parameters=[], CommandType='"Text"', CommandTimeout='30']
SELECT EXISTS (
    SELECT 1
    FROM `Marca` AS `m`)
][2023-02-07 07:01:23.93 -05:00 INF]Executed DbCommand (9ms) [Parameters=[], CommandType='"Text"', CommandTimeout='30']
SELECT EXISTS (
    SELECT 1
    FROM `Categoria` AS `c`)
][2023-02-07 07:01:23.94 -05:00 INF]Executed DbCommand (9ms) [Parameters=[], CommandType='"Text"', CommandTimeout='30']
SELECT EXISTS (
    SELECT 1
    FROM `Producto` AS `p`)
][2023-02-07 07:01:23.95 -05:00 INF]Executed DbCommand (9ms) [Parameters=[], CommandType='"Text"', CommandTimeout='30']
SELECT EXISTS (
    SELECT 1
    FROM `Rol` AS `r`)
][2023-02-07 07:01:24.19 -05:00 INF]User profile is available. Using 'C:\Users\Wilson\AppData\Local\ASP.NET\DataProtection-Keys' as key repository and Windows DPAPI to encrypt keys at rest.
][2023-02-07 07:01:24.49 -05:00 INF]Now listening on: https://localhost:5001
][2023-02-07 07:01:24.49 -05:00 INF]Now listening on: http://localhost:5000
][2023-02-07 07:01:24.50 -05:00 INF]Application started. Press Ctrl+C to shut down.
][2023-02-07 07:01:24.50 -05:00 INF]Hosting environment: Development
][2023-02-07 07:01:24.50 -05:00 INF]Content root path: F:\Proyectos .NET\Proyectos\APIs\Tienda\API\
][2023-02-07 07:01:44.04 -05:00 INF]Request starting HTTP/1.1 GET https://localhost:5001/API/weatherforecast - -
][2023-02-07 07:01:44.94 -05:00 INF]Executing endpoint 'API.Controllers.WeatherForecastController.Get (API)'
][2023-02-07 07:01:44.95 -05:00 INF]Route matched with {action = "Get", controller = "WeatherForecast"}. Executing controller action with signature System.Collections.Generic.IEnumerable`1[API.WeatherForecast] Get() on controller API.Controllers.WeatherForecastController (API).
][2023-02-07 07:01:44.95 -05:00 INF]Ejecutando weatherForecast
][2023-02-07 07:01:44.96 -05:00 INF]Executing ObjectResult, writing value of type 'API.WeatherForecast[]'.
][2023-02-07 07:01:45.01 -05:00 INF]Executed action API.Controllers.WeatherForecastController.Get (API) in 53.83ms
][2023-02-07 07:01:45.01 -05:00 INF]Executed endpoint 'API.Controllers.WeatherForecastController.Get (API)'
][2023-02-07 07:01:45.01 -05:00 INF]Request finished HTTP/1.1 GET https://localhost:5001/API/weatherforecast - - - 200 - application/json;+charset=utf-8 978.2605ms
][2023-02-07 07:01:55.83 -05:00 INF]Request starting HTTP/1.1 GET https://localhost:5001/API/get/weatherforecast - -
][2023-02-07 07:01:55.84 -05:00 INF]Executing endpoint 'API.Controllers.ErrorsController.Error (API)'
][2023-02-07 07:01:55.86 -05:00 INF]Route matched with {action = "Error", controller = "Errors"}. Executing controller action with signature Microsoft.AspNetCore.Mvc.ActionResult Error(Int32) on controller API.Controllers.ErrorsController (API).
][2023-02-07 07:01:55.86 -05:00 INF]Executing ObjectResult, writing value of type 'API.Helpers.Errors.ApiResponse'.
][2023-02-07 07:01:55.87 -05:00 INF]Executed action API.Controllers.ErrorsController.Error (API) in 12.5257ms
][2023-02-07 07:01:55.87 -05:00 INF]Executed endpoint 'API.Controllers.ErrorsController.Error (API)'
][2023-02-07 07:01:55.87 -05:00 INF]Request finished HTTP/1.1 GET https://localhost:5001/API/get/weatherforecast - - - 404 - application/json;+charset=utf-8 40.6389ms
][2023-02-07 07:02:48.63 -05:00 INF]Request starting HTTP/1.1 GET https://localhost:5001/API/weatherforecast/get/weather - -
][2023-02-07 07:02:48.63 -05:00 INF]Executing endpoint 'API.Controllers.WeatherForecastController.Get (API)'
][2023-02-07 07:02:48.63 -05:00 INF]Route matched with {action = "Get", controller = "WeatherForecast"}. Executing controller action with signature System.Collections.Generic.IEnumerable`1[API.WeatherForecast] Get() on controller API.Controllers.WeatherForecastController (API).
][2023-02-07 07:02:48.63 -05:00 INF]Ejecutando weatherForecast
][2023-02-07 07:02:48.63 -05:00 INF]Executing ObjectResult, writing value of type 'API.WeatherForecast[]'.
][2023-02-07 07:02:48.63 -05:00 INF]Executed action API.Controllers.WeatherForecastController.Get (API) in 1.7384ms
][2023-02-07 07:02:48.63 -05:00 INF]Executed endpoint 'API.Controllers.WeatherForecastController.Get (API)'
][2023-02-07 07:02:48.64 -05:00 INF]Request finished HTTP/1.1 GET https://localhost:5001/API/weatherforecast/get/weather - - - 200 - application/json;+charset=utf-8 4.7322ms
][2023-02-07 07:05:34.90 -05:00 INF]Request starting HTTP/1.1 GET https://localhost:5001/API/weatherforecast/get/forecast - -
][2023-02-07 07:05:34.91 -05:00 INF]Executing endpoint 'API.Controllers.WeatherForecastController.Get (API)'
][2023-02-07 07:05:34.91 -05:00 INF]Route matched with {action = "Get", controller = "WeatherForecast"}. Executing controller action with signature System.Collections.Generic.IEnumerable`1[API.WeatherForecast] Get() on controller API.Controllers.WeatherForecastController (API).
][2023-02-07 07:05:34.91 -05:00 INF]Ejecutando weatherForecast
][2023-02-07 07:05:34.91 -05:00 INF]Executing ObjectResult, writing value of type 'API.WeatherForecast[]'.
][2023-02-07 07:05:34.91 -05:00 INF]Executed action API.Controllers.WeatherForecastController.Get (API) in 1.8935ms
][2023-02-07 07:05:34.91 -05:00 INF]Executed endpoint 'API.Controllers.WeatherForecastController.Get (API)'
][2023-02-07 07:05:34.91 -05:00 INF]Request finished HTTP/1.1 GET https://localhost:5001/API/weatherforecast/get/forecast - - - 200 - application/json;+charset=utf-8 4.0837ms
][2023-02-07 07:31:54.77 -05:00 INF]Request starting HTTP/1.1 GET https://localhost:5001/API/weatherforecast/get - -
][2023-02-07 07:31:54.77 -05:00 INF]Executing endpoint 'API.Controllers.WeatherForecastController.Get (API)'
][2023-02-07 07:31:54.77 -05:00 INF]Route matched with {action = "Get", controller = "WeatherForecast"}. Executing controller action with signature System.Collections.Generic.IEnumerable`1[API.WeatherForecast] Get() on controller API.Controllers.WeatherForecastController (API).
][2023-02-07 07:31:54.77 -05:00 INF]Ejecutando weatherForecast
][2023-02-07 07:31:54.77 -05:00 INF]Executing ObjectResult, writing value of type 'API.WeatherForecast[]'.
][2023-02-07 07:31:54.78 -05:00 INF]Executed action API.Controllers.WeatherForecastController.Get (API) in 1.9629ms
][2023-02-07 07:31:54.78 -05:00 INF]Executed endpoint 'API.Controllers.WeatherForecastController.Get (API)'
][2023-02-07 07:31:54.78 -05:00 INF]Request finished HTTP/1.1 GET https://localhost:5001/API/weatherforecast/get - - - 200 - application/json;+charset=utf-8 4.0284ms
]